Info in <ReadCaLibData>: Registered 32 data definitions
Info in <ReadCaLibTypes>: Registered 23 type definitions
Info in <ReadConfigFile>: Reading configuration file '/usr/users/mullen/sw/CaLib/config/config.cfg'
Info in <TCMySQLManager>: Connected to the database '$HOME/CaLib_DB/May_16/CaLib.db' using CaLib 0.3.0beta
Info in <DumpRuns>: Dumped run 13307
Info in <DumpRuns>: Dumped run 13308
Info in <DumpRuns>: Dumped run 13309
Info in <DumpRuns>: Dumped run 13310
Info in <DumpRuns>: Dumped run 13311
Info in <DumpRuns>: Dumped run 13312
Info in <DumpRuns>: Dumped run 13315
Info in <DumpRuns>: Dumped run 13319
Info in <DumpRuns>: Dumped run 13320
Info in <DumpRuns>: Dumped run 13321
Info in <DumpRuns>: Dumped run 13322
Info in <DumpRuns>: Dumped run 13325
Info in <DumpRuns>: Dumped run 13328
Info in <DumpRuns>: Dumped run 13329
Info in <DumpRuns>: Dumped run 13330
Info in <DumpRuns>: Dumped run 13333
Info in <DumpRuns>: Dumped run 13334
Info in <DumpRuns>: Dumped run 13335
Info in <DumpRuns>: Dumped run 13336
Info in <DumpRuns>: Dumped run 13337
Info in <DumpRuns>: Dumped run 13338
Info in <DumpRuns>: Dumped run 13339
Info in <DumpRuns>: Dumped run 13340
Info in <DumpRuns>: Dumped run 13343
Info in <DumpRuns>: Dumped run 13347
Info in <DumpRuns>: Dumped run 13348
Info in <DumpRuns>: Dumped run 13349
Info in <DumpRuns>: Dumped run 13352
Info in <DumpRuns>: Dumped run 13353
Info in <DumpRuns>: Dumped run 13354
Info in <DumpRuns>: Dumped run 13355
Info in <DumpRuns>: Dumped run 13356
Info in <DumpRuns>: Dumped run 13357
Info in <DumpRuns>: Dumped run 13358
Info in <DumpRuns>: Dumped run 13359
Info in <DumpRuns>: Dumped run 13360
Info in <DumpRuns>: Dumped run 13361
Info in <DumpRuns>: Dumped run 13362
Info in <DumpRuns>: Dumped run 13363
Info in <DumpRuns>: Dumped run 13364
Info in <DumpRuns>: Dumped run 13365
Info in <DumpRuns>: Dumped run 13366
Info in <DumpRuns>: Dumped run 13367
Info in <DumpRuns>: Dumped run 13368
Info in <DumpRuns>: Dumped run 13369
Info in <DumpRuns>: Dumped run 13370
Info in <DumpRuns>: Dumped run 13371
Info in <DumpRuns>: Dumped run 13372
Info in <DumpRuns>: Dumped run 13373
Info in <DumpRuns>: Dumped run 13374
Info in <DumpRuns>: Dumped run 13375
Info in <DumpRuns>: Dumped run 13376
Info in <DumpRuns>: Dumped run 13377
Info in <DumpRuns>: Dumped run 13378
Info in <DumpRuns>: Dumped run 13379
Info in <DumpRuns>: Dumped run 13380
Info in <DumpRuns>: Dumped run 13381
Info in <DumpRuns>: Dumped run 13382
Info in <DumpRuns>: Dumped run 13383
Info in <DumpRuns>: Dumped run 13384
Info in <DumpRuns>: Dumped run 13385
Info in <DumpRuns>: Dumped run 13386
Info in <DumpRuns>: Dumped run 13387
Info in <DumpRuns>: Dumped run 13391
Info in <DumpRuns>: Dumped run 13392
Info in <DumpRuns>: Dumped run 13393
Info in <DumpRuns>: Dumped run 13394
Info in <DumpRuns>: Dumped run 13395
Info in <DumpRuns>: Dumped run 13396
Info in <DumpRuns>: Dumped run 13397
Info in <DumpRuns>: Dumped run 13398
Info in <DumpRuns>: Dumped run 13399
Info in <DumpRuns>: Dumped run 13400
Info in <DumpRuns>: Dumped run 13401
Info in <DumpRuns>: Dumped run 13402
Info in <DumpRuns>: Dumped run 13403
Info in <DumpRuns>: Dumped run 13404
Info in <DumpRuns>: Dumped run 13405
Info in <DumpRuns>: Dumped run 13406
Info in <DumpRuns>: Dumped run 13407
Info in <DumpRuns>: Dumped run 13408
Info in <DumpRuns>: Dumped run 13409
Info in <DumpRuns>: Dumped run 13410
Info in <DumpRuns>: Dumped run 13411
Info in <DumpRuns>: Dumped run 13412
Info in <DumpRuns>: Dumped run 13413
Info in <DumpRuns>: Dumped run 13414
Info in <DumpRuns>: Dumped run 13415
Info in <DumpRuns>: Dumped run 13416
Info in <DumpRuns>: Dumped run 13417
Info in <DumpRuns>: Dumped run 13418
Info in <DumpRuns>: Dumped run 13419
Info in <DumpRuns>: Dumped run 13420
Info in <DumpRuns>: Dumped run 13421
Info in <DumpRuns>: Dumped run 13422
Info in <DumpRuns>: Dumped run 13423
Info in <DumpRuns>: Dumped run 13424
Info in <DumpRuns>: Dumped run 13425
Info in <DumpRuns>: Dumped run 13426
Info in <DumpRuns>: Dumped run 13427
Info in <DumpRuns>: Dumped run 13428
Info in <DumpRuns>: Dumped run 13429
Info in <DumpRuns>: Dumped run 13433
Info in <DumpRuns>: Dumped run 13434
Info in <DumpRuns>: Dumped run 13435
Info in <DumpRuns>: Dumped run 13436
Info in <DumpRuns>: Dumped run 13437
Info in <DumpRuns>: Dumped run 13438
Info in <DumpRuns>: Dumped run 13439
Info in <DumpRuns>: Dumped run 13440
Info in <DumpRuns>: Dumped run 13441
Info in <DumpRuns>: Dumped run 13442
Info in <DumpRuns>: Dumped run 13443
Info in <DumpRuns>: Dumped run 13444
Info in <DumpRuns>: Dumped run 13445
Info in <DumpRuns>: Dumped run 13446
Info in <DumpRuns>: Dumped run 13447
Info in <DumpRuns>: Dumped run 13448
Info in <DumpRuns>: Dumped run 13449
Info in <DumpRuns>: Dumped run 13450
Info in <DumpRuns>: Dumped run 13451
Info in <DumpRuns>: Dumped run 13452
Info in <DumpRuns>: Dumped run 13453
Info in <DumpRuns>: Dumped run 13454
Info in <DumpRuns>: Dumped run 13455
Info in <DumpRuns>: Dumped run 13456
Info in <DumpRuns>: Dumped run 13457
Info in <DumpRuns>: Dumped run 13458
Info in <DumpRuns>: Dumped run 13459
Info in <DumpRuns>: Dumped run 13460
Info in <DumpRuns>: Dumped run 13461
Info in <DumpRuns>: Dumped run 13462
Info in <DumpRuns>: Dumped run 13463
Info in <DumpRuns>: Dumped run 13464
Info in <DumpRuns>: Dumped run 13465
Info in <DumpRuns>: Dumped run 13466
Info in <DumpRuns>: Dumped run 13467
Info in <DumpRuns>: Dumped run 13468
Info in <DumpRuns>: Dumped run 13469
Info in <DumpRuns>: Dumped run 13470
Info in <DumpRuns>: Dumped run 13471
Info in <DumpRuns>: Dumped run 13472
Info in <DumpRuns>: Dumped run 13473
Info in <DumpRuns>: Dumped run 13474
Info in <DumpRuns>: Dumped run 13475
Info in <DumpRuns>: Dumped run 13476
Info in <DumpRuns>: Dumped run 13477
Info in <DumpRuns>: Dumped run 13478
Info in <DumpRuns>: Dumped run 13479
Info in <DumpRuns>: Dumped run 13480
Info in <DumpRuns>: Dumped run 13481
Info in <DumpRuns>: Dumped run 13482
Info in <DumpRuns>: Dumped run 13483
Info in <DumpRuns>: Dumped run 13489
Info in <DumpRuns>: Dumped run 13490
Info in <DumpRuns>: Dumped run 13491
Info in <DumpRuns>: Dumped run 13492
Info in <DumpRuns>: Dumped run 13493
Info in <DumpRuns>: Dumped run 13494
Info in <DumpRuns>: Dumped run 13495
Info in <DumpRuns>: Dumped run 13496
Info in <DumpRuns>: Dumped run 13497
Info in <DumpRuns>: Dumped run 13498
Info in <DumpRuns>: Dumped run 13499
Info in <DumpRuns>: Dumped run 13500
Info in <DumpRuns>: Dumped run 13501
Info in <DumpRuns>: Dumped run 13502
Info in <DumpRuns>: Dumped run 13503
Info in <DumpRuns>: Dumped run 13504
Info in <DumpRuns>: Dumped run 13505
Info in <DumpRuns>: Dumped run 13506
Info in <DumpRuns>: Dumped run 13507
Info in <DumpRuns>: Dumped run 13508
Info in <DumpRuns>: Dumped run 13509
Info in <DumpRuns>: Dumped run 13510
Info in <DumpRuns>: Dumped run 13511
Info in <DumpRuns>: Dumped run 13512
Info in <DumpRuns>: Dumped run 13513
Info in <DumpRuns>: Dumped run 13514
Info in <DumpRuns>: Dumped run 13515
Info in <DumpRuns>: Dumped run 13516
Info in <DumpRuns>: Dumped run 13517
Info in <DumpRuns>: Dumped run 13518
Info in <DumpRuns>: Dumped run 13519
Info in <DumpRuns>: Dumped run 13520
Info in <DumpRuns>: Dumped run 13521
Info in <DumpRuns>: Dumped run 13522
Info in <DumpRuns>: Dumped run 13523
Info in <DumpRuns>: Dumped run 13524
Info in <DumpRuns>: Dumped run 13525
Info in <DumpRuns>: Dumped run 13526
Info in <DumpRuns>: Dumped run 13527
Info in <DumpRuns>: Dumped run 13528
Info in <DumpRuns>: Dumped run 13529
Info in <DumpRuns>: Dumped run 13530
Info in <DumpRuns>: Dumped run 13531
Info in <DumpRuns>: Dumped run 13532
Info in <DumpRuns>: Dumped run 13533
Info in <DumpRuns>: Dumped run 13534
Info in <DumpRuns>: Dumped run 13535
Info in <DumpRuns>: Dumped run 13536
Info in <DumpRuns>: Dumped run 13540
Info in <DumpRuns>: Dumped run 13541
Info in <DumpRuns>: Dumped run 13542
Info in <DumpRuns>: Dumped run 13543
Info in <DumpRuns>: Dumped run 13544
Info in <DumpRuns>: Dumped run 13545
Info in <DumpRuns>: Dumped run 13546
Info in <DumpRuns>: Dumped run 13547
Info in <DumpRuns>: Dumped run 13548
Info in <DumpRuns>: Dumped run 13549
Info in <DumpRuns>: Dumped run 13550
Info in <DumpRuns>: Dumped run 13551
Info in <DumpRuns>: Dumped run 13552
Info in <DumpRuns>: Dumped run 13553
Info in <DumpRuns>: Dumped run 13554
Info in <DumpRuns>: Dumped run 13555
Info in <DumpRuns>: Dumped run 13556
Info in <DumpRuns>: Dumped run 13557
Info in <DumpRuns>: Dumped run 13558
Info in <DumpRuns>: Dumped run 13559
Info in <DumpRuns>: Dumped run 13560
Info in <DumpRuns>: Dumped run 13561
Info in <DumpRuns>: Dumped run 13562
Info in <DumpRuns>: Dumped run 13564
Info in <DumpRuns>: Dumped run 13565
Info in <DumpRuns>: Dumped run 13566
Info in <DumpRuns>: Dumped run 13567
Info in <DumpRuns>: Dumped run 13568
Info in <DumpRuns>: Dumped run 13569
Info in <DumpRuns>: Dumped run 13570
Info in <DumpRuns>: Dumped run 13571
Info in <DumpRuns>: Dumped run 13572
Info in <DumpRuns>: Dumped run 13573
Info in <DumpRuns>: Dumped run 13574
Info in <DumpRuns>: Dumped run 13575
Info in <DumpRuns>: Dumped run 13576
Info in <DumpRuns>: Dumped run 13577
Info in <DumpRuns>: Dumped run 13578
Info in <DumpRuns>: Dumped run 13579
Info in <DumpRuns>: Dumped run 13580
Info in <DumpRuns>: Dumped run 13581
Info in <DumpRuns>: Dumped run 13582
Info in <DumpRuns>: Dumped run 13583
Info in <DumpRuns>: Dumped run 13584
Info in <DumpRuns>: Dumped run 13585
Info in <DumpRuns>: Dumped run 13586
Info in <DumpRuns>: Dumped run 13587
Info in <DumpRuns>: Dumped run 13588
Info in <DumpRuns>: Dumped run 13589
Info in <DumpRuns>: Dumped run 13590
Info in <DumpRuns>: Dumped run 13591
Info in <DumpRuns>: Dumped run 13592
Info in <DumpRuns>: Dumped run 13593
Info in <DumpRuns>: Dumped run 13594
Info in <DumpRuns>: Dumped run 13595
Info in <DumpRuns>: Dumped run 13596
Info in <DumpRuns>: Dumped run 13597
Info in <DumpRuns>: Dumped run 13598
Info in <DumpRuns>: Dumped run 13599
Info in <DumpRuns>: Dumped run 13600
Info in <DumpRuns>: Dumped run 13601
Info in <DumpRuns>: Dumped run 13602
Info in <DumpRuns>: Dumped run 13603
Info in <DumpRuns>: Dumped run 13604
Info in <DumpRuns>: Dumped run 13605
Info in <DumpRuns>: Dumped run 13606
Info in <DumpRuns>: Dumped run 13607
Info in <DumpRuns>: Dumped run 13608
Info in <DumpRuns>: Dumped run 13609
Info in <DumpRuns>: Dumped run 13610
Info in <DumpRuns>: Dumped run 13611
Info in <DumpRuns>: Dumped run 13612
Info in <DumpRuns>: Dumped run 13613
Info in <DumpRuns>: Dumped run 13614
Info in <DumpRuns>: Dumped run 13615
Info in <DumpRuns>: Dumped run 13616
Info in <DumpRuns>: Dumped run 13617
Info in <DumpRuns>: Dumped run 13618
Info in <DumpRuns>: Dumped run 13619
Info in <DumpRuns>: Dumped run 13620
Info in <DumpRuns>: Dumped run 13621
Info in <DumpRuns>: Dumped run 13622
Info in <DumpRuns>: Dumped run 13623
Info in <DumpRuns>: Dumped run 13624
Info in <DumpRuns>: Dumped run 13625
Info in <DumpRuns>: Dumped run 13626
Info in <DumpRuns>: Dumped run 13627
Info in <DumpRuns>: Dumped run 13628
Info in <DumpRuns>: Dumped run 13629
Info in <DumpRuns>: Dumped run 13630
Info in <DumpRuns>: Dumped run 13631
Info in <DumpRuns>: Dumped run 13632
Info in <DumpRuns>: Dumped run 13633
Info in <DumpRuns>: Dumped run 13634
Info in <DumpRuns>: Dumped run 13635
Info in <DumpRuns>: Dumped run 13636
Info in <DumpRuns>: Dumped run 13637
Info in <DumpRuns>: Dumped run 13638
Info in <DumpRuns>: Dumped run 13639
Info in <DumpRuns>: Dumped run 13640
Info in <DumpRuns>: Dumped run 13641
Info in <DumpRuns>: Dumped run 13642
Info in <DumpRuns>: Dumped run 13643
Info in <DumpRuns>: Dumped run 13644
Info in <DumpRuns>: Dumped run 13645
Info in <DumpRuns>: Dumped run 13646
Info in <DumpRuns>: Dumped run 13647
Info in <DumpRuns>: Dumped run 13648
Info in <DumpRuns>: Dumped run 13649
Info in <DumpRuns>: Dumped run 13650
Info in <DumpRuns>: Dumped run 13651
Info in <DumpRuns>: Dumped run 13652
Info in <DumpRuns>: Dumped run 13653
Info in <DumpRuns>: Dumped run 13654
Info in <DumpRuns>: Dumped run 13655
Info in <DumpRuns>: Dumped run 13656
Info in <DumpRuns>: Dumped run 13657
Info in <DumpRuns>: Dumped run 13658
Info in <DumpRuns>: Dumped run 13659
Info in <DumpRuns>: Dumped run 13660
Info in <DumpRuns>: Dumped run 13661
Info in <DumpRuns>: Dumped run 13662
Info in <DumpRuns>: Dumped run 13663
Info in <DumpRuns>: Dumped run 13664
Info in <DumpRuns>: Dumped run 13665
Info in <DumpRuns>: Dumped run 13666
Info in <DumpRuns>: Dumped run 13667
Info in <DumpRuns>: Dumped run 13668
Info in <DumpRuns>: Dumped run 13669
Info in <DumpRuns>: Dumped run 13670
Info in <DumpRuns>: Dumped run 13671
Info in <DumpRuns>: Dumped run 13672
Info in <DumpRuns>: Dumped run 13673
Info in <DumpRuns>: Dumped run 13674
Info in <DumpRuns>: Dumped run 13675
Info in <DumpRuns>: Dumped run 13676
Info in <DumpRuns>: Dumped run 13677
Info in <DumpRuns>: Dumped run 13678
Info in <DumpRuns>: Dumped run 13679
Info in <DumpRuns>: Dumped run 13680
Info in <DumpRuns>: Dumped run 13681
Info in <DumpRuns>: Dumped run 13682
Info in <DumpRuns>: Dumped run 13683
Info in <DumpRuns>: Dumped run 13684
Info in <DumpRuns>: Dumped run 13685
Info in <DumpRuns>: Dumped run 13686
Info in <DumpRuns>: Dumped run 13687
Info in <DumpRuns>: Dumped run 13688
Info in <DumpRuns>: Dumped run 13689
Info in <DumpRuns>: Dumped run 13690
Info in <DumpRuns>: Dumped run 13691
Info in <DumpRuns>: Dumped run 13692
Info in <DumpRuns>: Dumped run 13693
Info in <DumpRuns>: Dumped run 13694
Info in <DumpRuns>: Dumped run 13695
Info in <DumpRuns>: Dumped run 13696
Info in <DumpRuns>: Dumped run 13697
Info in <DumpRuns>: Dumped run 13698
Info in <DumpRuns>: Dumped run 13699
Info in <DumpRuns>: Dumped run 13700
Info in <DumpRuns>: Dumped run 13701
Info in <DumpRuns>: Dumped run 13702
Info in <DumpRuns>: Dumped run 13703
Info in <DumpRuns>: Dumped run 13704
Info in <DumpRuns>: Dumped run 13709
Info in <DumpRuns>: Dumped run 13710
Info in <DumpRuns>: Dumped run 13711
Info in <DumpRuns>: Dumped run 13712
Info in <DumpRuns>: Dumped run 13713
Info in <DumpRuns>: Dumped run 13714
Info in <DumpRuns>: Dumped run 13715
Info in <DumpRuns>: Dumped run 13716
Info in <DumpRuns>: Dumped run 13717
Info in <DumpRuns>: Dumped run 13718
Info in <DumpRuns>: Dumped run 13719
Info in <DumpRuns>: Dumped run 13720
Info in <DumpRuns>: Dumped run 13721
Info in <DumpRuns>: Dumped run 13722
Info in <DumpRuns>: Dumped run 13723
Info in <DumpRuns>: Dumped run 13724
Info in <DumpRuns>: Dumped run 13725
Info in <DumpRuns>: Dumped run 13726
Info in <DumpRuns>: Dumped run 13727
Info in <DumpRuns>: Dumped run 13728
Info in <DumpRuns>: Dumped run 13729
Info in <DumpRuns>: Dumped run 13730
Info in <DumpRuns>: Dumped run 13731
Info in <DumpRuns>: Dumped run 13732
Info in <DumpRuns>: Dumped run 13733
Info in <DumpRuns>: Dumped run 13734
Info in <DumpRuns>: Dumped run 13735
Info in <DumpRuns>: Dumped run 13736
Info in <DumpRuns>: Dumped run 13737
Info in <DumpRuns>: Dumped run 13738
Info in <DumpRuns>: Dumped run 13739
Info in <DumpRuns>: Dumped run 13740
Info in <DumpRuns>: Dumped run 13741
Info in <DumpRuns>: Dumped run 13742
Info in <DumpRuns>: Dumped run 13743
Info in <DumpRuns>: Dumped run 13744
Info in <DumpRuns>: Dumped run 13745
Info in <DumpRuns>: Dumped run 13746
Info in <DumpRuns>: Dumped run 13747
Info in <DumpRuns>: Dumped run 13748
Info in <DumpRuns>: Dumped run 13749
Info in <DumpRuns>: Dumped run 13750
Info in <DumpRuns>: Dumped run 13751
Info in <DumpRuns>: Dumped run 13752
Info in <DumpRuns>: Dumped run 13753
Info in <DumpRuns>: Dumped run 13754
Info in <DumpRuns>: Dumped run 13755
Info in <DumpRuns>: Dumped run 13756
Info in <DumpRuns>: Dumped run 13757
Info in <DumpRuns>: Dumped run 13758
Info in <DumpRuns>: Dumped run 13759
Info in <DumpRuns>: Dumped run 13760
Info in <DumpRuns>: Dumped run 13761
Info in <DumpRuns>: Dumped run 13762
Info in <DumpRuns>: Dumped run 13763
Info in <DumpRuns>: Dumped run 13764
Info in <DumpRuns>: Dumped run 13765
Info in <DumpRuns>: Dumped run 13766
Info in <DumpRuns>: Dumped run 13767
Info in <DumpRuns>: Dumped run 13768
Info in <DumpRuns>: Dumped run 13769
Info in <DumpRuns>: Dumped run 13771
Info in <DumpRuns>: Dumped run 13772
Info in <DumpRuns>: Dumped run 13773
Info in <DumpRuns>: Dumped run 13774
Info in <DumpRuns>: Dumped run 13775
Info in <DumpRuns>: Dumped run 13776
Info in <DumpRuns>: Dumped run 13777
Info in <DumpRuns>: Dumped run 13778
Info in <DumpRuns>: Dumped run 13779
Info in <DumpRuns>: Dumped run 13780
Info in <DumpRuns>: Dumped run 13781
Info in <DumpRuns>: Dumped run 13782
Info in <DumpRuns>: Dumped run 13783
Info in <DumpRuns>: Dumped run 13784
Info in <DumpRuns>: Dumped run 13785
Info in <DumpRuns>: Dumped run 13786
Info in <DumpRuns>: Dumped run 13787
Info in <DumpRuns>: Dumped run 13788
Info in <DumpRuns>: Dumped run 13789
Info in <DumpRuns>: Dumped run 13790
Info in <DumpRuns>: Dumped run 13791
Info in <DumpRuns>: Dumped run 13804
Info in <DumpRuns>: Dumped run 13805
Info in <DumpRuns>: Dumped run 13806
Info in <DumpRuns>: Dumped run 13807
Info in <DumpRuns>: Dumped run 13808
Info in <DumpRuns>: Dumped run 13809
Info in <DumpRuns>: Dumped run 13810
Info in <DumpRuns>: Dumped run 13811
Info in <DumpRuns>: Dumped run 13812
Info in <DumpRuns>: Dumped run 13813
Info in <DumpRuns>: Dumped run 13814
Info in <DumpRuns>: Dumped run 13815
Info in <DumpRuns>: Dumped run 13816
Info in <DumpRuns>: Dumped run 13817
Info in <DumpRuns>: Dumped run 13818
Info in <DumpRuns>: Dumped run 13819
Info in <DumpRuns>: Dumped run 13820
Info in <DumpRuns>: Dumped run 13821
Info in <DumpRuns>: Dumped run 13822
Info in <DumpRuns>: Dumped run 13823
Info in <DumpRuns>: Dumped run 13824
Info in <DumpRuns>: Dumped run 13825
Info in <DumpRuns>: Dumped run 13826
Info in <DumpRuns>: Dumped run 13827
Info in <DumpRuns>: Dumped run 13828
Info in <DumpRuns>: Dumped run 13829
Info in <DumpRuns>: Dumped run 13830
Info in <DumpRuns>: Dumped run 13831
Info in <DumpRuns>: Dumped run 13832
Info in <DumpRuns>: Dumped run 13833
Info in <DumpRuns>: Dumped run 13834
Info in <DumpRuns>: Dumped run 13835
Info in <DumpRuns>: Dumped run 13836
Info in <DumpRuns>: Dumped run 13837
Info in <DumpRuns>: Dumped run 13838
Info in <DumpRuns>: Dumped run 13839
Info in <DumpRuns>: Dumped run 13845
Info in <DumpRuns>: Dumped run 13846
Info in <DumpRuns>: Dumped run 13847
Info in <DumpRuns>: Dumped run 13848
Info in <DumpRuns>: Dumped run 13849
Info in <DumpRuns>: Dumped run 13850
Info in <DumpRuns>: Dumped run 13851
Info in <DumpRuns>: Dumped run 13852
Info in <DumpRuns>: Dumped run 13853
Info in <DumpRuns>: Dumped run 13854
Info in <DumpRuns>: Dumped run 13855
Info in <DumpRuns>: Dumped run 13856
Info in <DumpRuns>: Dumped run 13857
Info in <DumpRuns>: Dumped run 13858
Info in <DumpRuns>: Dumped run 13859
Info in <DumpRuns>: Dumped run 13860
Info in <DumpRuns>: Dumped run 13861
Info in <DumpRuns>: Dumped run 13862
Info in <DumpRuns>: Dumped run 13863
Info in <DumpRuns>: Dumped run 13864
Info in <DumpRuns>: Dumped run 13865
Info in <DumpRuns>: Dumped run 13866
Info in <DumpRuns>: Dumped run 13867
Info in <DumpRuns>: Dumped run 13868
Info in <DumpRuns>: Dumped run 13869
Info in <DumpRuns>: Dumped run 13870
Info in <DumpRuns>: Dumped run 13871
Info in <DumpRuns>: Dumped run 13872
Info in <DumpRuns>: Dumped run 13873
Info in <DumpRuns>: Dumped run 13874
Info in <DumpRuns>: Dumped run 13875
Info in <DumpRuns>: Dumped run 13876
Info in <DumpRuns>: Dumped run 13877
Info in <DumpRuns>: Dumped run 13878
Info in <DumpRuns>: Dumped run 13879
Info in <DumpRuns>: Dumped run 13880
Info in <DumpRuns>: Dumped run 13881
Info in <DumpRuns>: Dumped run 13882
Info in <DumpRuns>: Dumped run 13883
Info in <DumpRuns>: Dumped run 13884
Info in <DumpRuns>: Dumped run 13885
Info in <DumpRuns>: Dumped run 13886
Info in <DumpRuns>: Dumped run 13890
Info in <DumpRuns>: Dumped run 13891
Info in <DumpRuns>: Dumped run 13892
Info in <DumpRuns>: Dumped run 13893
Info in <DumpRuns>: Dumped run 13894
Info in <DumpRuns>: Dumped run 13895
Info in <DumpRuns>: Dumped run 13896
Info in <DumpRuns>: Dumped run 13897
Info in <DumpRuns>: Dumped run 13898
Info in <DumpRuns>: Dumped run 13899
Info in <DumpRuns>: Dumped run 13900
Info in <DumpRuns>: Dumped run 13901
Info in <DumpRuns>: Dumped run 13902
Info in <DumpRuns>: Dumped run 13903
Info in <DumpRuns>: Dumped run 13904
Info in <DumpRuns>: Dumped run 13905
Info in <DumpRuns>: Dumped run 13906
Info in <DumpRuns>: Dumped run 13907
Info in <DumpRuns>: Dumped run 13908
Info in <DumpRuns>: Dumped run 13909
Info in <DumpRuns>: Dumped run 13910
Info in <DumpRuns>: Dumped run 13911
Info in <DumpRuns>: Dumped run 13912
Info in <DumpRuns>: Dumped run 13913
Info in <DumpRuns>: Dumped run 13914
Info in <DumpRuns>: Dumped run 13915
Info in <DumpRuns>: Dumped run 13916
Info in <DumpRuns>: Dumped run 13917
Info in <DumpRuns>: Dumped run 13918
Info in <DumpRuns>: Dumped run 13919
Info in <DumpRuns>: Dumped run 13920
Info in <DumpRuns>: Dumped run 13921
Info in <DumpRuns>: Dumped run 13922
Info in <DumpRuns>: Dumped run 13923
Info in <DumpRuns>: Dumped run 13924
Info in <DumpRuns>: Dumped run 13925
Info in <DumpRuns>: Dumped run 13926
Info in <DumpRuns>: Dumped run 13927
Info in <DumpRuns>: Dumped run 13928
Info in <DumpRuns>: Dumped run 13932
Info in <DumpRuns>: Dumped run 13933
Info in <DumpRuns>: Dumped run 13934
Info in <DumpRuns>: Dumped run 13935
Info in <DumpRuns>: Dumped run 13936
Info in <DumpRuns>: Dumped run 13937
Info in <DumpRuns>: Dumped run 13938
Info in <DumpRuns>: Dumped run 13939
Info in <DumpRuns>: Dumped run 13940
Info in <DumpRuns>: Dumped run 13941
Info in <DumpRuns>: Dumped run 13942
Info in <DumpRuns>: Dumped run 13943
Info in <DumpRuns>: Dumped run 13944
Info in <DumpRuns>: Dumped run 13945
Info in <DumpRuns>: Dumped run 13946
Info in <DumpRuns>: Dumped run 13947
Info in <DumpRuns>: Dumped run 13948
Info in <DumpRuns>: Dumped run 13949
Info in <DumpRuns>: Dumped run 13950
Info in <DumpRuns>: Dumped run 13951
Info in <DumpRuns>: Dumped run 13952
Info in <DumpRuns>: Dumped run 13953
Info in <DumpRuns>: Dumped run 13954
Info in <DumpRuns>: Dumped run 13955
Info in <DumpRuns>: Dumped run 13956
Info in <DumpRuns>: Dumped run 13957
Info in <DumpRuns>: Dumped run 13958
Info in <DumpRuns>: Dumped run 13959
Info in <DumpRuns>: Dumped run 13960
Info in <DumpRuns>: Dumped run 13961
Info in <DumpRuns>: Dumped run 13962
Info in <DumpRuns>: Dumped run 13963
Info in <DumpRuns>: Dumped run 13964
Info in <DumpRuns>: Dumped run 13965
Info in <DumpRuns>: Dumped run 13966
Info in <DumpRuns>: Dumped run 13967
Info in <DumpRuns>: Dumped run 13968
Info in <DumpRuns>: Dumped run 13969
Info in <DumpRuns>: Dumped run 13970
Info in <DumpRuns>: Dumped run 13971
Info in <DumpRuns>: Dumped run 13972
Info in <DumpRuns>: Dumped run 13973
Info in <DumpRuns>: Dumped run 13977
Info in <DumpRuns>: Dumped run 13978
Info in <DumpRuns>: Dumped run 13979
Info in <DumpRuns>: Dumped run 13980
Info in <DumpRuns>: Dumped run 13981
Info in <DumpRuns>: Dumped run 13982
Info in <DumpRuns>: Dumped run 13983
Info in <DumpRuns>: Dumped run 13984
Info in <DumpRuns>: Dumped run 13985
Info in <DumpRuns>: Dumped run 13986
Info in <DumpRuns>: Dumped run 13987
Info in <DumpRuns>: Dumped run 13988
Info in <DumpRuns>: Dumped run 13989
Info in <DumpRuns>: Dumped run 13990
Info in <DumpRuns>: Dumped run 13991
Info in <DumpRuns>: Dumped run 13992
Info in <DumpRuns>: Dumped run 13993
Info in <DumpRuns>: Dumped run 13994
Info in <DumpRuns>: Dumped run 13995
Info in <DumpRuns>: Dumped run 13996
Info in <DumpRuns>: Dumped run 13997
Info in <DumpRuns>: Dumped run 13998
Info in <DumpRuns>: Dumped run 13999
Info in <DumpRuns>: Dumped run 14000
Info in <DumpRuns>: Dumped run 14001
Info in <DumpRuns>: Dumped run 14002
Info in <DumpRuns>: Dumped run 14003
Info in <DumpRuns>: Dumped run 14004
Info in <DumpRuns>: Dumped run 14005
Info in <DumpRuns>: Dumped run 14006
Info in <DumpRuns>: Dumped run 14007
Info in <DumpRuns>: Dumped run 14008
Info in <DumpRuns>: Dumped run 14009
Info in <DumpRuns>: Dumped run 14010
Info in <DumpRuns>: Dumped run 14011
Info in <DumpRuns>: Dumped run 14012
Info in <DumpRuns>: Dumped run 14013
Info in <DumpRuns>: Dumped run 14014
Info in <DumpRuns>: Dumped run 14015
Info in <DumpRuns>: Dumped run 14016
Info in <DumpRuns>: Dumped run 14017
Info in <DumpRuns>: Dumped run 14018
Info in <DumpRuns>: Dumped run 14019
Info in <DumpRuns>: Dumped run 14020
Info in <DumpRuns>: Dumped run 14021
Info in <DumpRuns>: Dumped run 14022
Info in <DumpRuns>: Dumped run 14023
Info in <DumpRuns>: Dumped run 14024
Info in <DumpRuns>: Dumped run 14025
Info in <DumpRuns>: Dumped run 14026
Info in <DumpRuns>: Dumped run 14027
Info in <DumpRuns>: Dumped run 14028
Info in <DumpRuns>: Dumped run 14029
Info in <DumpRuns>: Dumped run 14030
Info in <DumpRuns>: Dumped run 14031
Info in <DumpRuns>: Dumped run 14032
Info in <DumpRuns>: Dumped run 14033
Info in <DumpRuns>: Dumped run 14034
Info in <DumpRuns>: Dumped run 14035
Info in <DumpRuns>: Dumped run 14036
Info in <DumpRuns>: Dumped run 14037
Info in <DumpRuns>: Dumped run 14038
Info in <DumpRuns>: Dumped run 14039
Info in <DumpRuns>: Dumped run 14040
Info in <DumpRuns>: Dumped run 14041
Info in <DumpRuns>: Dumped run 14042
Info in <DumpRuns>: Dumped run 14043
Info in <DumpRuns>: Dumped run 14044
Info in <DumpRuns>: Dumped run 14045
Info in <DumpRuns>: Dumped run 14046
Info in <DumpRuns>: Dumped run 14047
Info in <DumpRuns>: Dumped run 14048
Info in <DumpRuns>: Dumped run 14049
Info in <DumpRuns>: Dumped run 14050
Info in <DumpRuns>: Dumped run 14051
Info in <DumpRuns>: Dumped run 14052
Info in <DumpRuns>: Dumped run 14053
Info in <DumpRuns>: Dumped run 14054
Info in <DumpRuns>: Dumped run 14055
Info in <DumpRuns>: Dumped run 14056
Info in <DumpRuns>: Dumped run 14057
Info in <DumpRuns>: Dumped run 14058
Info in <DumpRuns>: Dumped run 14059
Info in <DumpRuns>: Dumped run 14060
Info in <DumpRuns>: Dumped run 14061
Info in <DumpRuns>: Dumped run 14062
Info in <DumpRuns>: Dumped run 14063
Info in <DumpRuns>: Dumped run 14064
Info in <DumpRuns>: Dumped run 14065
Info in <DumpRuns>: Dumped run 14066
Info in <DumpRuns>: Dumped run 14067
Info in <DumpRuns>: Dumped run 14068
Info in <DumpRuns>: Dumped run 14069
Info in <DumpRuns>: Dumped run 14070
Info in <DumpRuns>: Dumped run 14071
Info in <DumpRuns>: Dumped run 14072
Info in <DumpRuns>: Dumped run 14073
Info in <DumpRuns>: Dumped run 14080
Info in <DumpRuns>: Dumped run 14081
Info in <DumpRuns>: Dumped run 14082
Info in <DumpRuns>: Dumped run 14083
Info in <DumpRuns>: Dumped run 14084
Info in <DumpRuns>: Dumped run 14085
Info in <DumpRuns>: Dumped run 14086
Info in <DumpRuns>: Dumped run 14087
Info in <DumpRuns>: Dumped run 14088
Info in <DumpRuns>: Dumped run 14089
Info in <DumpRuns>: Dumped run 14090
Info in <DumpRuns>: Dumped run 14091
Info in <DumpRuns>: Dumped run 14092
Info in <DumpRuns>: Dumped run 14093
Info in <DumpRuns>: Dumped run 14094
Info in <DumpRuns>: Dumped run 14095
Info in <DumpRuns>: Dumped run 14096
Info in <DumpRuns>: Dumped run 14097
Info in <DumpRuns>: Dumped run 14098
Info in <DumpRuns>: Dumped run 14099
Info in <DumpRuns>: Dumped run 14100
Info in <DumpRuns>: Dumped run 14101
Info in <DumpRuns>: Dumped run 14102
Info in <DumpRuns>: Dumped run 14103
Info in <DumpRuns>: Dumped run 14104
Info in <DumpRuns>: Dumped run 14105
Info in <DumpRuns>: Dumped run 14106
Info in <DumpRuns>: Dumped run 14107
Info in <DumpRuns>: Dumped run 14108
Info in <DumpRuns>: Dumped run 14109
Info in <DumpRuns>: Dumped run 14110
Info in <DumpRuns>: Dumped run 14111
Info in <DumpRuns>: Dumped run 14112
Info in <DumpRuns>: Dumped run 14116
Info in <DumpRuns>: Dumped run 14117
Info in <DumpRuns>: Dumped run 14118
Info in <DumpRuns>: Dumped run 14119
Info in <DumpRuns>: Dumped run 14120
Info in <DumpRuns>: Dumped run 14121
Info in <DumpRuns>: Dumped run 14122
Info in <DumpRuns>: Dumped run 14123
Info in <DumpRuns>: Dumped run 14124
Info in <DumpRuns>: Dumped run 14125
Info in <DumpRuns>: Dumped run 14126
Info in <DumpRuns>: Dumped run 14127
Info in <DumpRuns>: Dumped run 14128
Info in <DumpRuns>: Dumped run 14129
Info in <DumpRuns>: Dumped run 14130
Info in <DumpRuns>: Dumped run 14131
Info in <DumpRuns>: Dumped run 14132
Info in <DumpRuns>: Dumped run 14133
Info in <DumpRuns>: Dumped run 14134
Info in <DumpRuns>: Dumped run 14135
Info in <DumpRuns>: Dumped run 14136
Info in <DumpRuns>: Dumped run 14137
Info in <DumpRuns>: Dumped run 14138
Info in <DumpRuns>: Dumped run 14139
Info in <DumpRuns>: Dumped run 14140
Info in <DumpRuns>: Dumped run 14141
Info in <DumpRuns>: Dumped run 14142
Info in <DumpRuns>: Dumped run 14143
Info in <DumpRuns>: Dumped run 14144
Info in <DumpRuns>: Dumped run 14145
Info in <DumpRuns>: Dumped run 14146
Info in <DumpRuns>: Dumped run 14147
Info in <DumpRuns>: Dumped run 14148
Info in <DumpRuns>: Dumped run 14149
Info in <DumpRuns>: Dumped run 14150
Info in <DumpRuns>: Dumped run 14151
Info in <DumpRuns>: Dumped run 14152
Info in <DumpRuns>: Dumped run 14153
Info in <DumpRuns>: Dumped run 14154
Info in <DumpRuns>: Dumped run 14155
Info in <DumpRuns>: Dumped run 14156
Info in <DumpRuns>: Dumped run 14157
Info in <DumpRuns>: Dumped run 14158
Info in <DumpRuns>: Dumped run 14159
Info in <DumpRuns>: Dumped run 14160
Info in <DumpRuns>: Dumped run 14165
Info in <DumpRuns>: Dumped run 14166
Info in <DumpRuns>: Dumped run 14167
Info in <DumpRuns>: Dumped run 14168
Info in <DumpRuns>: Dumped run 14169
Info in <DumpRuns>: Dumped run 14170
Info in <DumpRuns>: Dumped run 14171
Info in <DumpRuns>: Dumped run 14172
Info in <DumpRuns>: Dumped run 14173
Info in <DumpRuns>: Dumped run 14174
Info in <DumpRuns>: Dumped run 14175
Info in <DumpRuns>: Dumped run 14176
Info in <DumpRuns>: Dumped run 14177
Info in <DumpRuns>: Dumped run 14178
Info in <DumpRuns>: Dumped run 14179
Info in <DumpRuns>: Dumped run 14180
Info in <DumpRuns>: Dumped run 14181
Info in <DumpRuns>: Dumped run 14182
Info in <DumpRuns>: Dumped run 14183
Info in <DumpRuns>: Dumped run 14184
Info in <DumpRuns>: Dumped run 14185
Info in <DumpRuns>: Dumped run 14186
Info in <DumpRuns>: Dumped run 14187
Info in <DumpRuns>: Dumped run 14188
Info in <DumpRuns>: Dumped run 14189
Info in <DumpRuns>: Dumped run 14190
Info in <DumpRuns>: Dumped run 14191
Info in <DumpRuns>: Dumped run 14192
Info in <DumpRuns>: Dumped run 14193
Info in <DumpRuns>: Dumped run 14194
Info in <DumpRuns>: Dumped run 14195
Info in <DumpRuns>: Dumped run 14196
Info in <DumpRuns>: Dumped run 14197
Info in <DumpRuns>: Dumped run 14198
Info in <DumpRuns>: Dumped run 14199
Info in <DumpRuns>: Dumped run 14200
Info in <DumpRuns>: Dumped run 14201
Info in <DumpRuns>: Dumped run 14202
Info in <DumpRuns>: Dumped run 14203
Info in <DumpRuns>: Dumped run 14204
Info in <DumpRuns>: Dumped run 14205
Info in <DumpRuns>: Dumped run 14206
Info in <DumpRuns>: Dumped run 14207
Info in <DumpRuns>: Dumped run 14208
Info in <DumpRuns>: Dumped run 14209
Info in <DumpRuns>: Dumped run 14210
Info in <DumpRuns>: Dumped run 999999
