 TA2Analysis analysis linked to Acqu-to-Root interface

 TA2UserAnalysis:  Running PostInitialise before setting up Multi-Hit ADC's

 Child class TA2Tagger linked to TA2UserAnalysis parent
 Child class TA2Ladder linked to TA2Tagger parent
 PDG default: particles all photons, PDG index 22
 Child class TA2MyCrystalBall linked to TA2UserAnalysis parent
 Child class TA2MyCalArray linked to TA2MyCrystalBall parent
 TA2MyCalArray: Cluster algorithm: Traditional
 TA2MyCalArray: MC time resolution: 0.000000 ns
 TA2MyCalArray: MC time offset: 0.000000 ns
 Child class TA2MyPlasticPID linked to TA2MyCrystalBall parent
 Child class TA2MyTAPS linked to TA2UserAnalysis parent
 Child class TA2MyTAPS_BaF2PWO linked to TA2MyTAPS parent
 TA2MyTAPS_BaF2PWO: Cluster algorithm: TAPS
 TA2MyTAPS_BaF2PWO: MC time resolution: 0.000000 ns
 TA2MyTAPS_BaF2PWO: MC time offset: 0.000000 ns
 TA2MyTAPS_BaF2PWO: MC energy smearing parameters: 0.022000 1.100000
 Child class TA2MyPlasticVETO linked to TA2MyTAPS parent
 TA2UserAnalysis:  Reconstruction procedure enabled in event loop
 TA2UserAnalysis:  Physics procedure enabled in event loop
 TA2UserAnalysis periodic command: PeriodMacro()   Interval set to 100000
 TA2UserAnalysis End-of-Run command: MyFinishMacro() 
End of Run procedures enabled for TA2UserAnalysis

 TA2UserAnalysis:  Error found undefined ADC 10010 in DAQ event 0
 TA2UserAnalysis:  Error found undefined ADC 10011 in DAQ event 0
 TA2UserAnalysis:  Error found undefined ADC 10020 in DAQ event 0
 TA2UserAnalysis:  Error found undefined ADC 10021 in DAQ event 0
 TA2UserAnalysis:  Error found undefined ADC 10030 in DAQ event 0
 TA2UserAnalysis:  Error found undefined ADC 10031 in DAQ event 0
 TA2UserAnalysis:  Error found undefined ADC 10040 in DAQ event 0
 TA2UserAnalysis:  Error found undefined ADC 10041 in DAQ event 0
 TA2UserAnalysis:  Error found undefined ADC 10050 in DAQ event 0
 TA2UserAnalysis:  Error found undefined ADC 10051 in DAQ event 0
 TA2UserAnalysis:  Error found undefined ADC 10060 in DAQ event 0
 TA2UserAnalysis:  Error found undefined ADC 10061 in DAQ event 0
 TA2UserAnalysis:  Error found undefined ADC 10070 in DAQ event 0
 TA2UserAnalysis:  Error found undefined ADC 10071 in DAQ event 0
 TA2UserAnalysis:  Error found undefined ADC 10080 in DAQ event 0
 TA2UserAnalysis:  Error found undefined ADC 10081 in DAQ event 0
 TA2UserAnalysis:  Error found undefined ADC 10090 in DAQ event 0
 TA2UserAnalysis:  Error found undefined ADC 10091 in DAQ event 0
 TA2UserAnalysis:  Error found undefined ADC 410 in DAQ event 0
 TA2UserAnalysis:  Error found undefined ADC 411 in DAQ event 0
 TA2UserAnalysis:  Error found undefined ADC 412 in DAQ event 0
 TA2UserAnalysis:  Error found undefined ADC 420 in DAQ event 0
 TA2UserAnalysis:  Error found undefined ADC 421 in DAQ event 0
 TA2UserAnalysis:  Error found undefined ADC 422 in DAQ event 0
 TA2UserAnalysis:  Error found undefined ADC 430 in DAQ event 0
 TA2UserAnalysis:  Error found undefined ADC 431 in DAQ event 0
 TA2UserAnalysis:  Error found undefined ADC 432 in DAQ event 0
 TA2UserAnalysis:  Error found undefined ADC 440 in DAQ event 0
 TA2UserAnalysis:  Error found undefined ADC 441 in DAQ event 0
 TA2UserAnalysis:  Error found undefined ADC 442 in DAQ event 0
 TA2UserAnalysis:  Error found undefined ADC 450 in DAQ event 0
 TA2UserAnalysis:  Error found undefined ADC 451 in DAQ event 0
 TA2UserAnalysis:  Error found undefined ADC 452 in DAQ event 0
 TA2UserAnalysis:  Error found undefined ADC 460 in DAQ event 0
 TA2UserAnalysis:  Error found undefined ADC 461 in DAQ event 0
 TA2UserAnalysis:  Error found undefined ADC 462 in DAQ event 0
 TA2UserAnalysis:  Error found undefined ADC 470 in DAQ event 0
 TA2UserAnalysis:  Error found undefined ADC 471 in DAQ event 0
 TA2UserAnalysis:  Error found undefined ADC 472 in DAQ event 0
 TA2UserAnalysis:  Error found undefined ADC 480 in DAQ event 0
 TA2UserAnalysis:  Error found undefined ADC 481 in DAQ event 0
 TA2UserAnalysis:  Error found undefined ADC 482 in DAQ event 0
 TA2UserAnalysis:  Error found undefined ADC 490 in DAQ event 0
 TA2UserAnalysis:  Error found undefined ADC 491 in DAQ event 0
 TA2UserAnalysis:  Error found undefined ADC 492 in DAQ event 0
 TA2UserAnalysis:  Error found undefined ADC 10010 in DAQ event 1
 TA2UserAnalysis:  Error found undefined ADC 10011 in DAQ event 1
 TA2UserAnalysis:  Error found undefined ADC 10020 in DAQ event 1
 TA2UserAnalysis:  Error found undefined ADC 10021 in DAQ event 1
 TA2UserAnalysis:  Error found undefined ADC 10030 in DAQ event 1
 TA2UserAnalysis:  Error found undefined ADC 10031 in DAQ event 1
 TA2UserAnalysis:  Error found undefined ADC 10040 in DAQ event 1
 TA2UserAnalysis:  Error found undefined ADC 10041 in DAQ event 1
 TA2UserAnalysis:  Error found undefined ADC 10050 in DAQ event 1
 TA2UserAnalysis:  Error found undefined ADC 10051 in DAQ event 1
 TA2UserAnalysis:  Error found undefined ADC 10060 in DAQ event 1
 TA2UserAnalysis:  Error found undefined ADC 10061 in DAQ event 1
 TA2UserAnalysis:  Error found undefined ADC 10070 in DAQ event 1
 TA2UserAnalysis:  Error found undefined ADC 10071 in DAQ event 1
 TA2UserAnalysis:  Error found undefined ADC 10080 in DAQ event 1
 TA2UserAnalysis:  Error found undefined ADC 10081 in DAQ event 1
 TA2UserAnalysis:  Error found undefined ADC 10090 in DAQ event 1
 TA2UserAnalysis:  Error found undefined ADC 10091 in DAQ event 1
 TA2UserAnalysis:  Error found undefined ADC 410 in DAQ event 1
 TA2UserAnalysis:  Error found undefined ADC 411 in DAQ event 1
 TA2UserAnalysis:  Error found undefined ADC 412 in DAQ event 1
 TA2UserAnalysis:  Error found undefined ADC 420 in DAQ event 1
 TA2UserAnalysis:  Error found undefined ADC 421 in DAQ event 1
 TA2UserAnalysis:  Error found undefined ADC 422 in DAQ event 1
 TA2UserAnalysis:  Error found undefined ADC 430 in DAQ event 1
 TA2UserAnalysis:  Error found undefined ADC 431 in DAQ event 1
 TA2UserAnalysis:  Error found undefined ADC 432 in DAQ event 1
 TA2UserAnalysis:  Error found undefined ADC 440 in DAQ event 1
 TA2UserAnalysis:  Error found undefined ADC 441 in DAQ event 1
 TA2UserAnalysis:  Error found undefined ADC 442 in DAQ event 1
 TA2UserAnalysis:  Error found undefined ADC 450 in DAQ event 1
 TA2UserAnalysis:  Error found undefined ADC 451 in DAQ event 1
 TA2UserAnalysis:  Error found undefined ADC 452 in DAQ event 1
 TA2UserAnalysis:  Error found undefined ADC 460 in DAQ event 1
 TA2UserAnalysis:  Error found undefined ADC 461 in DAQ event 1
 TA2UserAnalysis:  Error found undefined ADC 462 in DAQ event 1
 TA2UserAnalysis:  Error found undefined ADC 470 in DAQ event 1
 TA2UserAnalysis:  Error found undefined ADC 471 in DAQ event 1
 TA2UserAnalysis:  Error found undefined ADC 472 in DAQ event 1
 TA2UserAnalysis:  Error found undefined ADC 480 in DAQ event 1
 TA2UserAnalysis:  Error found undefined ADC 481 in DAQ event 1
 TA2UserAnalysis:  Error found undefined ADC 482 in DAQ event 1
 TA2UserAnalysis:  Error found undefined ADC 490 in DAQ event 1
 TA2UserAnalysis:  Error found undefined ADC 491 in DAQ event 1
 TA2UserAnalysis:  Error found undefined ADC 492 in DAQ event 1
 TA2UserAnalysis:  Error found undefined ADC 10010 in DAQ event 2
 TA2UserAnalysis:  Error found undefined ADC 10011 in DAQ event 2
 TA2UserAnalysis:  Error found undefined ADC 10020 in DAQ event 2
 TA2UserAnalysis:  Error found undefined ADC 10021 in DAQ event 2
 TA2UserAnalysis:  Error found undefined ADC 10030 in DAQ event 2
 TA2UserAnalysis:  Error found undefined ADC 10031 in DAQ event 2
 TA2UserAnalysis:  Error found undefined ADC 10040 in DAQ event 2
 TA2UserAnalysis:  Error found undefined ADC 10041 in DAQ event 2
 TA2UserAnalysis:  Error found undefined ADC 10050 in DAQ event 2
 TA2UserAnalysis:  Error found undefined ADC 10051 in DAQ event 2
 TA2UserAnalysis:  Error found undefined ADC 10060 in DAQ event 2
 TA2UserAnalysis:  Error found undefined ADC 10061 in DAQ event 2
 TA2UserAnalysis:  Error found undefined ADC 10070 in DAQ event 2
 TA2UserAnalysis:  Error found undefined ADC 10071 in DAQ event 2
 TA2UserAnalysis:  Error found undefined ADC 10080 in DAQ event 2
 TA2UserAnalysis:  Error found undefined ADC 10081 in DAQ event 2
 TA2UserAnalysis:  Error found undefined ADC 10090 in DAQ event 2
 TA2UserAnalysis:  Error found undefined ADC 10091 in DAQ event 2
 TA2UserAnalysis:  Error found undefined ADC 410 in DAQ event 2
 TA2UserAnalysis:  Error found undefined ADC 411 in DAQ event 2
 TA2UserAnalysis:  Error found undefined ADC 412 in DAQ event 2
 TA2UserAnalysis:  Error found undefined ADC 420 in DAQ event 2
 TA2UserAnalysis:  Error found undefined ADC 421 in DAQ event 2
 TA2UserAnalysis:  Error found undefined ADC 422 in DAQ event 2
 TA2UserAnalysis:  Error found undefined ADC 430 in DAQ event 2
 TA2UserAnalysis:  Error found undefined ADC 431 in DAQ event 2
 TA2UserAnalysis:  Error found undefined ADC 432 in DAQ event 2
 TA2UserAnalysis:  Error found undefined ADC 440 in DAQ event 2
 TA2UserAnalysis:  Error found undefined ADC 441 in DAQ event 2
 TA2UserAnalysis:  Error found undefined ADC 442 in DAQ event 2
 TA2UserAnalysis:  Error found undefined ADC 450 in DAQ event 2
 TA2UserAnalysis:  Error found undefined ADC 451 in DAQ event 2
 TA2UserAnalysis:  Error found undefined ADC 452 in DAQ event 2
 TA2UserAnalysis:  Error found undefined ADC 460 in DAQ event 2
 TA2UserAnalysis:  Error found undefined ADC 461 in DAQ event 2
 TA2UserAnalysis:  Error found undefined ADC 462 in DAQ event 2
 TA2UserAnalysis:  Error found undefined ADC 470 in DAQ event 2
 TA2UserAnalysis:  Error found undefined ADC 471 in DAQ event 2
 TA2UserAnalysis:  Error found undefined ADC 472 in DAQ event 2
 TA2UserAnalysis:  Error found undefined ADC 480 in DAQ event 2
 TA2UserAnalysis:  Error found undefined ADC 481 in DAQ event 2
 TA2UserAnalysis:  Error found undefined ADC 482 in DAQ event 2
 TA2UserAnalysis:  Error found undefined ADC 490 in DAQ event 2
 TA2UserAnalysis:  Error found undefined ADC 491 in DAQ event 2
 TA2UserAnalysis:  Error found undefined ADC 492 in DAQ event 2
 TA2UserAnalysis:  Error found undefined ADC 10010 in DAQ event 3
 TA2UserAnalysis:  Error found undefined ADC 10011 in DAQ event 3
 TA2UserAnalysis:  Error found undefined ADC 10020 in DAQ event 3
 TA2UserAnalysis:  Error found undefined ADC 10021 in DAQ event 3
 TA2UserAnalysis:  Error found undefined ADC 10030 in DAQ event 3
 TA2UserAnalysis:  Error found undefined ADC 10031 in DAQ event 3
 TA2UserAnalysis:  Error found undefined ADC 10040 in DAQ event 3
 TA2UserAnalysis:  Error found undefined ADC 10041 in DAQ event 3
 TA2UserAnalysis:  Error found undefined ADC 10050 in DAQ event 3
 TA2UserAnalysis:  Error found undefined ADC 10051 in DAQ event 3
 TA2UserAnalysis:  Error found undefined ADC 10060 in DAQ event 3
 TA2UserAnalysis:  Error found undefined ADC 10061 in DAQ event 3
 TA2UserAnalysis:  Error found undefined ADC 10070 in DAQ event 3
 TA2UserAnalysis:  Error found undefined ADC 10071 in DAQ event 3
 TA2UserAnalysis:  Error found undefined ADC 10080 in DAQ event 3
 TA2UserAnalysis:  Error found undefined ADC 10081 in DAQ event 3
 TA2UserAnalysis:  Error found undefined ADC 10090 in DAQ event 3
 TA2UserAnalysis:  Error found undefined ADC 10091 in DAQ event 3
 TA2UserAnalysis:  Error found undefined ADC 410 in DAQ event 3
 TA2UserAnalysis:  Error found undefined ADC 411 in DAQ event 3
 TA2UserAnalysis:  Error found undefined ADC 412 in DAQ event 3
 TA2UserAnalysis:  Error found undefined ADC 420 in DAQ event 3
 TA2UserAnalysis:  Error found undefined ADC 421 in DAQ event 3
 TA2UserAnalysis:  Error found undefined ADC 422 in DAQ event 3
 TA2UserAnalysis:  Error found undefined ADC 430 in DAQ event 3
 TA2UserAnalysis:  Error found undefined ADC 431 in DAQ event 3
 TA2UserAnalysis:  Error found undefined ADC 432 in DAQ event 3
 TA2UserAnalysis:  Error found undefined ADC 440 in DAQ event 3
 TA2UserAnalysis:  Error found undefined ADC 441 in DAQ event 3
 TA2UserAnalysis:  Error found undefined ADC 442 in DAQ event 3
 TA2UserAnalysis:  Error found undefined ADC 450 in DAQ event 3
 TA2UserAnalysis:  Error found undefined ADC 451 in DAQ event 3
 TA2UserAnalysis:  Error found undefined ADC 452 in DAQ event 3
 TA2UserAnalysis:  Error found undefined ADC 460 in DAQ event 3
 TA2UserAnalysis:  Error found undefined ADC 461 in DAQ event 3
 TA2UserAnalysis:  Error found undefined ADC 462 in DAQ event 3
 TA2UserAnalysis:  Error found undefined ADC 470 in DAQ event 3
 TA2UserAnalysis:  Error found undefined ADC 471 in DAQ event 3
 TA2UserAnalysis:  Error found undefined ADC 472 in DAQ event 3
 TA2UserAnalysis:  Error found undefined ADC 480 in DAQ event 3
 TA2UserAnalysis:  Error found undefined ADC 481 in DAQ event 3
 TA2UserAnalysis:  Error found undefined ADC 482 in DAQ event 3
 TA2UserAnalysis:  Error found undefined ADC 490 in DAQ event 3
 TA2UserAnalysis:  Error found undefined ADC 491 in DAQ event 3
 TA2UserAnalysis:  Error found undefined ADC 492 in DAQ event 3
 TA2UserAnalysis:  Error found undefined ADC 10010 in DAQ event 4
 TA2UserAnalysis:  Error found undefined ADC 10011 in DAQ event 4
 TA2UserAnalysis:  Error found undefined ADC 10020 in DAQ event 4
 TA2UserAnalysis:  Error found undefined ADC 10021 in DAQ event 4
 TA2UserAnalysis:  Error found undefined ADC 10030 in DAQ event 4
 TA2UserAnalysis:  Error found undefined ADC 10031 in DAQ event 4
 TA2UserAnalysis:  Error found undefined ADC 10040 in DAQ event 4
 TA2UserAnalysis:  Error found undefined ADC 10041 in DAQ event 4
 TA2UserAnalysis:  Error found undefined ADC 10050 in DAQ event 4
 TA2UserAnalysis:  Error found undefined ADC 10051 in DAQ event 4
 TA2UserAnalysis:  Error found undefined ADC 10060 in DAQ event 4
 TA2UserAnalysis:  Error found undefined ADC 10061 in DAQ event 4
 TA2UserAnalysis:  Error found undefined ADC 10070 in DAQ event 4
 TA2UserAnalysis:  Error found undefined ADC 10071 in DAQ event 4
 TA2UserAnalysis:  Error found undefined ADC 10080 in DAQ event 4
 TA2UserAnalysis:  Error found undefined ADC 10081 in DAQ event 4
 TA2UserAnalysis:  Error found undefined ADC 10090 in DAQ event 4
 TA2UserAnalysis:  Error found undefined ADC 10091 in DAQ event 4
 TA2UserAnalysis:  Error found undefined ADC 410 in DAQ event 4
 TA2UserAnalysis:  Error found undefined ADC 411 in DAQ event 4
 TA2UserAnalysis:  Error found undefined ADC 412 in DAQ event 4
 TA2UserAnalysis:  Error found undefined ADC 420 in DAQ event 4
 TA2UserAnalysis:  Error found undefined ADC 421 in DAQ event 4
 TA2UserAnalysis:  Error found undefined ADC 422 in DAQ event 4
 TA2UserAnalysis:  Error found undefined ADC 430 in DAQ event 4
 TA2UserAnalysis:  Error found undefined ADC 431 in DAQ event 4
 TA2UserAnalysis:  Error found undefined ADC 432 in DAQ event 4
 TA2UserAnalysis:  Error found undefined ADC 440 in DAQ event 4
 TA2UserAnalysis:  Error found undefined ADC 441 in DAQ event 4
 TA2UserAnalysis:  Error found undefined ADC 442 in DAQ event 4
 TA2UserAnalysis:  Error found undefined ADC 450 in DAQ event 4
 TA2UserAnalysis:  Error found undefined ADC 451 in DAQ event 4
 TA2UserAnalysis:  Error found undefined ADC 452 in DAQ event 4
 TA2UserAnalysis:  Error found undefined ADC 460 in DAQ event 4
 TA2UserAnalysis:  Error found undefined ADC 461 in DAQ event 4
 TA2UserAnalysis:  Error found undefined ADC 462 in DAQ event 4
 TA2UserAnalysis:  Error found undefined ADC 470 in DAQ event 4
 TA2UserAnalysis:  Error found undefined ADC 471 in DAQ event 4
 TA2UserAnalysis:  Error found undefined ADC 472 in DAQ event 4
 TA2UserAnalysis:  Error found undefined ADC 480 in DAQ event 4
 TA2UserAnalysis:  Error found undefined ADC 481 in DAQ event 4
 TA2UserAnalysis:  Error found undefined ADC 482 in DAQ event 4
 TA2UserAnalysis:  Error found undefined ADC 490 in DAQ event 4
 TA2UserAnalysis:  Error found undefined ADC 491 in DAQ event 4
 TA2UserAnalysis:  Error found undefined ADC 492 in DAQ event 4
 TA2UserAnalysis:  Error found undefined ADC 10010 in DAQ event 5
 TA2UserAnalysis:  Error found undefined ADC 10011 in DAQ event 5
 TA2UserAnalysis:  Error found undefined ADC 10020 in DAQ event 5
 TA2UserAnalysis:  Error found undefined ADC 10021 in DAQ event 5
 TA2UserAnalysis:  Error found undefined ADC 10030 in DAQ event 5
 TA2UserAnalysis:  Error found undefined ADC 10031 in DAQ event 5
 TA2UserAnalysis:  Error found undefined ADC 10040 in DAQ event 5
 TA2UserAnalysis:  Error found undefined ADC 10041 in DAQ event 5
 TA2UserAnalysis:  Error found undefined ADC 10050 in DAQ event 5
 TA2UserAnalysis:  Error found undefined ADC 10051 in DAQ event 5
 TA2UserAnalysis:  Error found undefined ADC 10060 in DAQ event 5
 TA2UserAnalysis:  Error found undefined ADC 10061 in DAQ event 5
 TA2UserAnalysis:  Error found undefined ADC 10070 in DAQ event 5
 TA2UserAnalysis:  Error found undefined ADC 10071 in DAQ event 5
 TA2UserAnalysis:  Error found undefined ADC 10080 in DAQ event 5
 TA2UserAnalysis:  Error found undefined ADC 10081 in DAQ event 5
 TA2UserAnalysis:  Error found undefined ADC 10090 in DAQ event 5
 TA2UserAnalysis:  Error found undefined ADC 10091 in DAQ event 5
 TA2UserAnalysis:  Error found undefined ADC 410 in DAQ event 5
 TA2UserAnalysis:  Error found undefined ADC 411 in DAQ event 5
 TA2UserAnalysis:  Error found undefined ADC 412 in DAQ event 5
 TA2UserAnalysis:  Error found undefined ADC 420 in DAQ event 5
 TA2UserAnalysis:  Error found undefined ADC 421 in DAQ event 5
 TA2UserAnalysis:  Error found undefined ADC 422 in DAQ event 5
 TA2UserAnalysis:  Error found undefined ADC 430 in DAQ event 5
 TA2UserAnalysis:  Error found undefined ADC 431 in DAQ event 5
 TA2UserAnalysis:  Error found undefined ADC 432 in DAQ event 5
 TA2UserAnalysis:  Error found undefined ADC 440 in DAQ event 5
 TA2UserAnalysis:  Error found undefined ADC 441 in DAQ event 5
 TA2UserAnalysis:  Error found undefined ADC 442 in DAQ event 5
 TA2UserAnalysis:  Error found undefined ADC 450 in DAQ event 5
 TA2UserAnalysis:  Error found undefined ADC 451 in DAQ event 5
 TA2UserAnalysis:  Error found undefined ADC 452 in DAQ event 5
 TA2UserAnalysis:  Error found undefined ADC 460 in DAQ event 5
 TA2UserAnalysis:  Error found undefined ADC 461 in DAQ event 5
 TA2UserAnalysis:  Error found undefined ADC 462 in DAQ event 5
 TA2UserAnalysis:  Error found undefined ADC 470 in DAQ event 5
 TA2UserAnalysis:  Error found undefined ADC 471 in DAQ event 5
 TA2UserAnalysis:  Error found undefined ADC 472 in DAQ event 5
 TA2UserAnalysis:  Error found undefined ADC 480 in DAQ event 5
 TA2UserAnalysis:  Error found undefined ADC 481 in DAQ event 5
 TA2UserAnalysis:  Error found undefined ADC 482 in DAQ event 5
 TA2UserAnalysis:  Error found undefined ADC 490 in DAQ event 5
 TA2UserAnalysis:  Error found undefined ADC 491 in DAQ event 5
 TA2UserAnalysis:  Error found undefined ADC 492 in DAQ event 5
 TA2UserAnalysis:  Error found undefined ADC 10010 in DAQ event 6
 TA2UserAnalysis:  Error found undefined ADC 10011 in DAQ event 6
 TA2UserAnalysis:  Error found undefined ADC 10020 in DAQ event 6
 TA2UserAnalysis:  Error found undefined ADC 10021 in DAQ event 6
 TA2UserAnalysis:  Error found undefined ADC 10030 in DAQ event 6
 TA2UserAnalysis:  Error found undefined ADC 10031 in DAQ event 6
 TA2UserAnalysis:  Error found undefined ADC 10040 in DAQ event 6
 TA2UserAnalysis:  Error found undefined ADC 10041 in DAQ event 6
 TA2UserAnalysis:  Error found undefined ADC 10050 in DAQ event 6
 TA2UserAnalysis:  Error found undefined ADC 10051 in DAQ event 6
 TA2UserAnalysis:  Error found undefined ADC 10060 in DAQ event 6
 TA2UserAnalysis:  Error found undefined ADC 10061 in DAQ event 6
 TA2UserAnalysis:  Error found undefined ADC 10070 in DAQ event 6
 TA2UserAnalysis:  Error found undefined ADC 10071 in DAQ event 6
 TA2UserAnalysis:  Error found undefined ADC 10080 in DAQ event 6
 TA2UserAnalysis:  Error found undefined ADC 10081 in DAQ event 6
 TA2UserAnalysis:  Error found undefined ADC 10090 in DAQ event 6
 TA2UserAnalysis:  Error found undefined ADC 10091 in DAQ event 6
 TA2UserAnalysis:  Error found undefined ADC 410 in DAQ event 6
 TA2UserAnalysis:  Error found undefined ADC 411 in DAQ event 6
 TA2UserAnalysis:  Error found undefined ADC 412 in DAQ event 6
 TA2UserAnalysis:  Error found undefined ADC 420 in DAQ event 6
 TA2UserAnalysis:  Error found undefined ADC 421 in DAQ event 6
 TA2UserAnalysis:  Error found undefined ADC 422 in DAQ event 6
 TA2UserAnalysis:  Error found undefined ADC 430 in DAQ event 6
 TA2UserAnalysis:  Error found undefined ADC 431 in DAQ event 6
 TA2UserAnalysis:  Error found undefined ADC 432 in DAQ event 6
 TA2UserAnalysis:  Error found undefined ADC 440 in DAQ event 6
 TA2UserAnalysis:  Error found undefined ADC 441 in DAQ event 6
 TA2UserAnalysis:  Error found undefined ADC 442 in DAQ event 6
 TA2UserAnalysis:  Error found undefined ADC 450 in DAQ event 6
 TA2UserAnalysis:  Error found undefined ADC 451 in DAQ event 6
 TA2UserAnalysis:  Error found undefined ADC 452 in DAQ event 6
 TA2UserAnalysis:  Error found undefined ADC 460 in DAQ event 6
 TA2UserAnalysis:  Error found undefined ADC 461 in DAQ event 6
 TA2UserAnalysis:  Error found undefined ADC 462 in DAQ event 6
 TA2UserAnalysis:  Error found undefined ADC 470 in DAQ event 6
 TA2UserAnalysis:  Error found undefined ADC 471 in DAQ event 6
 TA2UserAnalysis:  Error found undefined ADC 472 in DAQ event 6
 TA2UserAnalysis:  Error found undefined ADC 480 in DAQ event 6
 TA2UserAnalysis:  Error found undefined ADC 481 in DAQ event 6
 TA2UserAnalysis:  Error found undefined ADC 482 in DAQ event 6
 TA2UserAnalysis:  Error found undefined ADC 490 in DAQ event 6
 TA2UserAnalysis:  Error found undefined ADC 491 in DAQ event 6
 TA2UserAnalysis:  Error found undefined ADC 492 in DAQ event 6
 TA2UserAnalysis:  Error found undefined ADC 10010 in DAQ event 7
 TA2UserAnalysis:  Error found undefined ADC 10011 in DAQ event 7
 TA2UserAnalysis:  Error found undefined ADC 10020 in DAQ event 7
 TA2UserAnalysis:  Error found undefined ADC 10021 in DAQ event 7
 TA2UserAnalysis:  Error found undefined ADC 10030 in DAQ event 7
 TA2UserAnalysis:  Error found undefined ADC 10031 in DAQ event 7
 TA2UserAnalysis:  Error found undefined ADC 10040 in DAQ event 7
 TA2UserAnalysis:  Error found undefined ADC 10041 in DAQ event 7
 TA2UserAnalysis:  Error found undefined ADC 10050 in DAQ event 7
 TA2UserAnalysis:  Error found undefined ADC 10051 in DAQ event 7
 TA2UserAnalysis:  Error found undefined ADC 10060 in DAQ event 7
 TA2UserAnalysis:  Error found undefined ADC 10061 in DAQ event 7
 TA2UserAnalysis:  Error found undefined ADC 10070 in DAQ event 7
 TA2UserAnalysis:  Error found undefined ADC 10071 in DAQ event 7
 TA2UserAnalysis:  Error found undefined ADC 10080 in DAQ event 7
 TA2UserAnalysis:  Error found undefined ADC 10081 in DAQ event 7
 TA2UserAnalysis:  Error found undefined ADC 10090 in DAQ event 7
 TA2UserAnalysis:  Error found undefined ADC 10091 in DAQ event 7
 TA2UserAnalysis:  Error found undefined ADC 410 in DAQ event 7
 TA2UserAnalysis:  Error found undefined ADC 411 in DAQ event 7
 TA2UserAnalysis:  Error found undefined ADC 412 in DAQ event 7
 TA2UserAnalysis:  Error found undefined ADC 420 in DAQ event 7
 TA2UserAnalysis:  Error found undefined ADC 421 in DAQ event 7
 TA2UserAnalysis:  Error found undefined ADC 422 in DAQ event 7
 TA2UserAnalysis:  Error found undefined ADC 430 in DAQ event 7
 TA2UserAnalysis:  Error found undefined ADC 431 in DAQ event 7
 TA2UserAnalysis:  Error found undefined ADC 432 in DAQ event 7
 TA2UserAnalysis:  Error found undefined ADC 440 in DAQ event 7
 TA2UserAnalysis:  Error found undefined ADC 441 in DAQ event 7
 TA2UserAnalysis:  Error found undefined ADC 442 in DAQ event 7
 TA2UserAnalysis:  Error found undefined ADC 450 in DAQ event 7
 TA2UserAnalysis:  Error found undefined ADC 451 in DAQ event 7
 TA2UserAnalysis:  Error found undefined ADC 452 in DAQ event 7
 TA2UserAnalysis:  Error found undefined ADC 460 in DAQ event 7
 TA2UserAnalysis:  Error found undefined ADC 461 in DAQ event 7
 TA2UserAnalysis:  Error found undefined ADC 462 in DAQ event 7
 TA2UserAnalysis:  Error found undefined ADC 470 in DAQ event 7
 TA2UserAnalysis:  Error found undefined ADC 471 in DAQ event 7
 TA2UserAnalysis:  Error found undefined ADC 472 in DAQ event 7
 TA2UserAnalysis:  Error found undefined ADC 480 in DAQ event 7
 TA2UserAnalysis:  Error found undefined ADC 481 in DAQ event 7
 TA2UserAnalysis:  Error found undefined ADC 482 in DAQ event 7
 TA2UserAnalysis:  Error found undefined ADC 490 in DAQ event 7
 TA2UserAnalysis:  Error found undefined ADC 491 in DAQ event 7
 TA2UserAnalysis:  Error found undefined ADC 492 in DAQ event 7
 TA2UserAnalysis:  Error found undefined ADC 10010 in DAQ event 8
 TA2UserAnalysis:  Error found undefined ADC 10011 in DAQ event 8
 TA2UserAnalysis:  Error found undefined ADC 10020 in DAQ event 8
 TA2UserAnalysis:  Error found undefined ADC 10021 in DAQ event 8
 TA2UserAnalysis:  Error found undefined ADC 10030 in DAQ event 8
 TA2UserAnalysis:  Error found undefined ADC 10031 in DAQ event 8
 TA2UserAnalysis:  Error found undefined ADC 10040 in DAQ event 8
 TA2UserAnalysis:  Error found undefined ADC 10041 in DAQ event 8
 TA2UserAnalysis:  Error found undefined ADC 10050 in DAQ event 8
 TA2UserAnalysis:  Error found undefined ADC 10051 in DAQ event 8
 TA2UserAnalysis:  Error found undefined ADC 10060 in DAQ event 8
 TA2UserAnalysis:  Error found undefined ADC 10061 in DAQ event 8
 TA2UserAnalysis:  Error found undefined ADC 10070 in DAQ event 8
 TA2UserAnalysis:  Error found undefined ADC 10071 in DAQ event 8
 TA2UserAnalysis:  Error found undefined ADC 10080 in DAQ event 8
 TA2UserAnalysis:  Error found undefined ADC 10081 in DAQ event 8
 TA2UserAnalysis:  Error found undefined ADC 10090 in DAQ event 8
 TA2UserAnalysis:  Error found undefined ADC 10091 in DAQ event 8
 TA2UserAnalysis:  Error found undefined ADC 410 in DAQ event 8
 TA2UserAnalysis:  Error found undefined ADC 411 in DAQ event 8
 TA2UserAnalysis:  Error found undefined ADC 412 in DAQ event 8
 TA2UserAnalysis:  Error found undefined ADC 420 in DAQ event 8
 TA2UserAnalysis:  Error found undefined ADC 421 in DAQ event 8
 TA2UserAnalysis:  Error found undefined ADC 422 in DAQ event 8
 TA2UserAnalysis:  Error found undefined ADC 430 in DAQ event 8
 TA2UserAnalysis:  Error found undefined ADC 431 in DAQ event 8
 TA2UserAnalysis:  Error found undefined ADC 432 in DAQ event 8
 TA2UserAnalysis:  Error found undefined ADC 440 in DAQ event 8
 TA2UserAnalysis:  Error found undefined ADC 441 in DAQ event 8
 TA2UserAnalysis:  Error found undefined ADC 442 in DAQ event 8
 TA2UserAnalysis:  Error found undefined ADC 450 in DAQ event 8
 TA2UserAnalysis:  Error found undefined ADC 451 in DAQ event 8
 TA2UserAnalysis:  Error found undefined ADC 452 in DAQ event 8
 TA2UserAnalysis:  Error found undefined ADC 460 in DAQ event 8
 TA2UserAnalysis:  Error found undefined ADC 461 in DAQ event 8
 TA2UserAnalysis:  Error found undefined ADC 462 in DAQ event 8
 TA2UserAnalysis:  Error found undefined ADC 470 in DAQ event 8
 TA2UserAnalysis:  Error found undefined ADC 471 in DAQ event 8
 TA2UserAnalysis:  Error found undefined ADC 472 in DAQ event 8
 TA2UserAnalysis:  Error found undefined ADC 480 in DAQ event 8
 TA2UserAnalysis:  Error found undefined ADC 481 in DAQ event 8
 TA2UserAnalysis:  Error found undefined ADC 482 in DAQ event 8
 TA2UserAnalysis:  Error found undefined ADC 490 in DAQ event 8
 TA2UserAnalysis:  Error found undefined ADC 491 in DAQ event 8
 TA2UserAnalysis:  Error found undefined ADC 492 in DAQ event 8
 TA2UserAnalysis:  Error found undefined ADC 10010 in DAQ event 9
 TA2UserAnalysis:  Error found undefined ADC 10011 in DAQ event 9
 TA2UserAnalysis:  Error found undefined ADC 10020 in DAQ event 9
 TA2UserAnalysis:  Error found undefined ADC 10021 in DAQ event 9
 TA2UserAnalysis:  Error found undefined ADC 10030 in DAQ event 9
 TA2UserAnalysis:  Error found undefined ADC 10031 in DAQ event 9
 TA2UserAnalysis:  Error found undefined ADC 10040 in DAQ event 9
 TA2UserAnalysis:  Error found undefined ADC 10041 in DAQ event 9
 TA2UserAnalysis:  Error found undefined ADC 10050 in DAQ event 9
 TA2UserAnalysis:  Error found undefined ADC 10051 in DAQ event 9
 TA2UserAnalysis:  Error found undefined ADC 10060 in DAQ event 9
 TA2UserAnalysis:  Error found undefined ADC 10061 in DAQ event 9
 TA2UserAnalysis:  Error found undefined ADC 10070 in DAQ event 9
 TA2UserAnalysis:  Error found undefined ADC 10071 in DAQ event 9
 TA2UserAnalysis:  Error found undefined ADC 10080 in DAQ event 9
 TA2UserAnalysis:  Error found undefined ADC 10081 in DAQ event 9
 TA2UserAnalysis:  Error found undefined ADC 10090 in DAQ event 9
 TA2UserAnalysis:  Error found undefined ADC 10091 in DAQ event 9
 TA2UserAnalysis:  Error found undefined ADC 410 in DAQ event 9
 TA2UserAnalysis:  Error found undefined ADC 411 in DAQ event 9
 TA2UserAnalysis:  Error found undefined ADC 412 in DAQ event 9
 TA2UserAnalysis:  Error found undefined ADC 420 in DAQ event 9
 TA2UserAnalysis:  Error found undefined ADC 421 in DAQ event 9
 TA2UserAnalysis:  Error found undefined ADC 422 in DAQ event 9
 TA2UserAnalysis:  Error found undefined ADC 430 in DAQ event 9
 TA2UserAnalysis:  Error found undefined ADC 431 in DAQ event 9
 TA2UserAnalysis:  Error found undefined ADC 432 in DAQ event 9
 TA2UserAnalysis:  Error found undefined ADC 440 in DAQ event 9
 TA2UserAnalysis:  Error found undefined ADC 441 in DAQ event 9
 TA2UserAnalysis:  Error found undefined ADC 442 in DAQ event 9
 TA2UserAnalysis:  Error found undefined ADC 450 in DAQ event 9
 TA2UserAnalysis:  Error found undefined ADC 451 in DAQ event 9
 TA2UserAnalysis:  Error found undefined ADC 452 in DAQ event 9
 TA2UserAnalysis:  Error found undefined ADC 460 in DAQ event 9
 TA2UserAnalysis:  Error found undefined ADC 461 in DAQ event 9
 TA2UserAnalysis:  Error found undefined ADC 462 in DAQ event 9
 TA2UserAnalysis:  Error found undefined ADC 470 in DAQ event 9
 TA2UserAnalysis:  Error found undefined ADC 471 in DAQ event 9
 TA2UserAnalysis:  Error found undefined ADC 472 in DAQ event 9
 TA2UserAnalysis:  Error found undefined ADC 480 in DAQ event 9
 TA2UserAnalysis:  Error found undefined ADC 481 in DAQ event 9
 TA2UserAnalysis:  Error found undefined ADC 482 in DAQ event 9
 TA2UserAnalysis:  Error found undefined ADC 490 in DAQ event 9
 TA2UserAnalysis:  Error found undefined ADC 491 in DAQ event 9
 TA2UserAnalysis:  Error found undefined ADC 492 in DAQ event 9
 TA2UserAnalysis:  Error found undefined ADC 10010 in DAQ event 10
 TA2UserAnalysis:  Error found undefined ADC 10011 in DAQ event 10
 TA2UserAnalysis:  Error found undefined ADC 10020 in DAQ event 10
 TA2UserAnalysis:  Error found undefined ADC 10021 in DAQ event 10
 TA2UserAnalysis:  Error found undefined ADC 10030 in DAQ event 10
 TA2UserAnalysis:  Error found undefined ADC 10031 in DAQ event 10
 TA2UserAnalysis:  Error found undefined ADC 10040 in DAQ event 10
 TA2UserAnalysis:  Error found undefined ADC 10041 in DAQ event 10
 TA2UserAnalysis:  Error found undefined ADC 10050 in DAQ event 10
 TA2UserAnalysis:  Error found undefined ADC 10051 in DAQ event 10
 TA2UserAnalysis:  Error found undefined ADC 10060 in DAQ event 10
 TA2UserAnalysis:  Error found undefined ADC 10061 in DAQ event 10
 TA2UserAnalysis:  Error found undefined ADC 10070 in DAQ event 10
 TA2UserAnalysis:  Error found undefined ADC 10071 in DAQ event 10
 TA2UserAnalysis:  Error found undefined ADC 10080 in DAQ event 10
 TA2UserAnalysis:  Error found undefined ADC 10081 in DAQ event 10
 TA2UserAnalysis:  Error found undefined ADC 10090 in DAQ event 10
 TA2UserAnalysis:  Error found undefined ADC 10091 in DAQ event 10
 TA2UserAnalysis:  Error found undefined ADC 410 in DAQ event 10
 TA2UserAnalysis:  Error found undefined ADC 411 in DAQ event 10
 TA2UserAnalysis:  Error found undefined ADC 412 in DAQ event 10
 TA2UserAnalysis:  Error found undefined ADC 420 in DAQ event 10
 TA2UserAnalysis:  Error found undefined ADC 421 in DAQ event 10
 TA2UserAnalysis:  Error found undefined ADC 422 in DAQ event 10
 TA2UserAnalysis:  Error found undefined ADC 430 in DAQ event 10
 TA2UserAnalysis:  Error found undefined ADC 431 in DAQ event 10
 TA2UserAnalysis:  Error found undefined ADC 432 in DAQ event 10
 TA2UserAnalysis:  Error found undefined ADC 440 in DAQ event 10
 TA2UserAnalysis:  Error found undefined ADC 441 in DAQ event 10
 TA2UserAnalysis:  Error found undefined ADC 442 in DAQ event 10
 TA2UserAnalysis:  Error found undefined ADC 450 in DAQ event 10
 TA2UserAnalysis:  Error found undefined ADC 451 in DAQ event 10
 TA2UserAnalysis:  Error found undefined ADC 452 in DAQ event 10
 TA2UserAnalysis:  Error found undefined ADC 460 in DAQ event 10
 TA2UserAnalysis:  Error found undefined ADC 461 in DAQ event 10
 TA2UserAnalysis:  Error found undefined ADC 462 in DAQ event 10
 TA2UserAnalysis:  Error found undefined ADC 470 in DAQ event 10
 TA2UserAnalysis:  Error found undefined ADC 471 in DAQ event 10
 TA2UserAnalysis:  Error found undefined ADC 472 in DAQ event 10
 TA2UserAnalysis:  Error found undefined ADC 480 in DAQ event 10
 TA2UserAnalysis:  Error found undefined ADC 481 in DAQ event 10
 TA2UserAnalysis:  Error found undefined ADC 482 in DAQ event 10
 TA2UserAnalysis:  Error found undefined ADC 490 in DAQ event 10
 TA2UserAnalysis:  Error found undefined ADC 491 in DAQ event 10
 TA2UserAnalysis:  Error found undefined ADC 492 in DAQ event 10
 TA2UserAnalysis:  Error found undefined ADC 10010 in DAQ event 11
 TA2UserAnalysis:  Error found undefined ADC 10011 in DAQ event 11
 TA2UserAnalysis:  Error found undefined ADC 10020 in DAQ event 11
 TA2UserAnalysis:  Error found undefined ADC 10021 in DAQ event 11
 TA2UserAnalysis:  Error found undefined ADC 10030 in DAQ event 11
 TA2UserAnalysis:  Error found undefined ADC 10031 in DAQ event 11
 TA2UserAnalysis:  Error found undefined ADC 10040 in DAQ event 11
 TA2UserAnalysis:  Error found undefined ADC 10041 in DAQ event 11
 TA2UserAnalysis:  Error found undefined ADC 10050 in DAQ event 11
 TA2UserAnalysis:  Error found undefined ADC 10051 in DAQ event 11
 TA2UserAnalysis:  Error found undefined ADC 10060 in DAQ event 11
 TA2UserAnalysis:  Error found undefined ADC 10061 in DAQ event 11
 TA2UserAnalysis:  Error found undefined ADC 10070 in DAQ event 11
 TA2UserAnalysis:  Error found undefined ADC 10071 in DAQ event 11
 TA2UserAnalysis:  Error found undefined ADC 10080 in DAQ event 11
 TA2UserAnalysis:  Error found undefined ADC 10081 in DAQ event 11
 TA2UserAnalysis:  Error found undefined ADC 10090 in DAQ event 11
 TA2UserAnalysis:  Error found undefined ADC 10091 in DAQ event 11
 TA2UserAnalysis:  Error found undefined ADC 410 in DAQ event 11
 TA2UserAnalysis:  Error found undefined ADC 411 in DAQ event 11
 TA2UserAnalysis:  Error found undefined ADC 412 in DAQ event 11
 TA2UserAnalysis:  Error found undefined ADC 420 in DAQ event 11
 TA2UserAnalysis:  Error found undefined ADC 421 in DAQ event 11
 TA2UserAnalysis:  Error found undefined ADC 422 in DAQ event 11
 TA2UserAnalysis:  Error found undefined ADC 430 in DAQ event 11
 TA2UserAnalysis:  Error found undefined ADC 431 in DAQ event 11
 TA2UserAnalysis:  Error found undefined ADC 432 in DAQ event 11
 TA2UserAnalysis:  Error found undefined ADC 440 in DAQ event 11
 TA2UserAnalysis:  Error found undefined ADC 441 in DAQ event 11
 TA2UserAnalysis:  Error found undefined ADC 442 in DAQ event 11
 TA2UserAnalysis:  Error found undefined ADC 450 in DAQ event 11
 TA2UserAnalysis:  Error found undefined ADC 451 in DAQ event 11
 TA2UserAnalysis:  Error found undefined ADC 452 in DAQ event 11
 TA2UserAnalysis:  Error found undefined ADC 460 in DAQ event 11
 TA2UserAnalysis:  Error found undefined ADC 461 in DAQ event 11
 TA2UserAnalysis:  Error found undefined ADC 462 in DAQ event 11
 TA2UserAnalysis:  Error found undefined ADC 470 in DAQ event 11
 TA2UserAnalysis:  Error found undefined ADC 471 in DAQ event 11
 TA2UserAnalysis:  Error found undefined ADC 472 in DAQ event 11
 TA2UserAnalysis:  Error found undefined ADC 480 in DAQ event 11
 TA2UserAnalysis:  Error found undefined ADC 481 in DAQ event 11
 TA2UserAnalysis:  Error found undefined ADC 482 in DAQ event 11
 TA2UserAnalysis:  Error found undefined ADC 490 in DAQ event 11
 TA2UserAnalysis:  Error found undefined ADC 491 in DAQ event 11
 TA2UserAnalysis:  Error found undefined ADC 492 in DAQ event 11
 TA2UserAnalysis:  Error found undefined ADC 10010 in DAQ event 12
 TA2UserAnalysis:  Error found undefined ADC 10011 in DAQ event 12
 TA2UserAnalysis:  Error found undefined ADC 10020 in DAQ event 12
 TA2UserAnalysis:  Error found undefined ADC 10021 in DAQ event 12
 TA2UserAnalysis:  Error found undefined ADC 10030 in DAQ event 12
 TA2UserAnalysis:  Error found undefined ADC 10031 in DAQ event 12
 TA2UserAnalysis:  Error found undefined ADC 10040 in DAQ event 12
 TA2UserAnalysis:  Error found undefined ADC 10041 in DAQ event 12
 TA2UserAnalysis:  Error found undefined ADC 10050 in DAQ event 12
 TA2UserAnalysis:  Error found undefined ADC 10051 in DAQ event 12
 TA2UserAnalysis:  Error found undefined ADC 10060 in DAQ event 12
 TA2UserAnalysis:  Error found undefined ADC 10061 in DAQ event 12
 TA2UserAnalysis:  Error found undefined ADC 10070 in DAQ event 12
 TA2UserAnalysis:  Error found undefined ADC 10071 in DAQ event 12
 TA2UserAnalysis:  Error found undefined ADC 10080 in DAQ event 12
 TA2UserAnalysis:  Error found undefined ADC 10081 in DAQ event 12
 TA2UserAnalysis:  Error found undefined ADC 10090 in DAQ event 12
 TA2UserAnalysis:  Error found undefined ADC 10091 in DAQ event 12
 TA2UserAnalysis:  Error found undefined ADC 410 in DAQ event 12
 TA2UserAnalysis:  Error found undefined ADC 411 in DAQ event 12
 TA2UserAnalysis:  Error found undefined ADC 412 in DAQ event 12
 TA2UserAnalysis:  Error found undefined ADC 420 in DAQ event 12
 TA2UserAnalysis:  Error found undefined ADC 421 in DAQ event 12
 TA2UserAnalysis:  Error found undefined ADC 422 in DAQ event 12
 TA2UserAnalysis:  Error found undefined ADC 430 in DAQ event 12
 TA2UserAnalysis:  Error found undefined ADC 431 in DAQ event 12
 TA2UserAnalysis:  Error found undefined ADC 432 in DAQ event 12
 TA2UserAnalysis:  Error found undefined ADC 440 in DAQ event 12
 TA2UserAnalysis:  Error found undefined ADC 441 in DAQ event 12
 TA2UserAnalysis:  Error found undefined ADC 442 in DAQ event 12
 TA2UserAnalysis:  Error found undefined ADC 450 in DAQ event 12
 TA2UserAnalysis:  Error found undefined ADC 451 in DAQ event 12
 TA2UserAnalysis:  Error found undefined ADC 452 in DAQ event 12
 TA2UserAnalysis:  Error found undefined ADC 460 in DAQ event 12
 TA2UserAnalysis:  Error found undefined ADC 461 in DAQ event 12
 TA2UserAnalysis:  Error found undefined ADC 462 in DAQ event 12
 TA2UserAnalysis:  Error found undefined ADC 470 in DAQ event 12
 TA2UserAnalysis:  Error found undefined ADC 471 in DAQ event 12
 TA2UserAnalysis:  Error found undefined ADC 472 in DAQ event 12
 TA2UserAnalysis:  Error found undefined ADC 480 in DAQ event 12
 TA2UserAnalysis:  Error found undefined ADC 481 in DAQ event 12
 TA2UserAnalysis:  Error found undefined ADC 482 in DAQ event 12
 TA2UserAnalysis:  Error found undefined ADC 490 in DAQ event 12
 TA2UserAnalysis:  Error found undefined ADC 491 in DAQ event 12
 TA2UserAnalysis:  Error found undefined ADC 492 in DAQ event 12
 TA2UserAnalysis:  Error found undefined ADC 10010 in DAQ event 13
 TA2UserAnalysis:  Error found undefined ADC 10011 in DAQ event 13
 TA2UserAnalysis:  Error found undefined ADC 10020 in DAQ event 13
 TA2UserAnalysis:  Error found undefined ADC 10021 in DAQ event 13
 TA2UserAnalysis:  Error found undefined ADC 10030 in DAQ event 13
 TA2UserAnalysis:  Error found undefined ADC 10031 in DAQ event 13
 TA2UserAnalysis:  Error found undefined ADC 10040 in DAQ event 13
 TA2UserAnalysis:  Error found undefined ADC 10041 in DAQ event 13
 TA2UserAnalysis:  Error found undefined ADC 10050 in DAQ event 13
 TA2UserAnalysis:  Error found undefined ADC 10051 in DAQ event 13
 TA2UserAnalysis:  Error found undefined ADC 10060 in DAQ event 13
 TA2UserAnalysis:  Error found undefined ADC 10061 in DAQ event 13
 TA2UserAnalysis:  Error found undefined ADC 10070 in DAQ event 13
 TA2UserAnalysis:  Error found undefined ADC 10071 in DAQ event 13
 TA2UserAnalysis:  Error found undefined ADC 10080 in DAQ event 13
 TA2UserAnalysis:  Error found undefined ADC 10081 in DAQ event 13
 TA2UserAnalysis:  Error found undefined ADC 10090 in DAQ event 13
 TA2UserAnalysis:  Error found undefined ADC 10091 in DAQ event 13
 TA2UserAnalysis:  Error found undefined ADC 410 in DAQ event 13
 TA2UserAnalysis:  Error found undefined ADC 411 in DAQ event 13
 TA2UserAnalysis:  Error found undefined ADC 412 in DAQ event 13
 TA2UserAnalysis:  Error found undefined ADC 420 in DAQ event 13
 TA2UserAnalysis:  Error found undefined ADC 421 in DAQ event 13
 TA2UserAnalysis:  Error found undefined ADC 422 in DAQ event 13
 TA2UserAnalysis:  Error found undefined ADC 430 in DAQ event 13
 TA2UserAnalysis:  Error found undefined ADC 431 in DAQ event 13
 TA2UserAnalysis:  Error found undefined ADC 432 in DAQ event 13
 TA2UserAnalysis:  Error found undefined ADC 440 in DAQ event 13
 TA2UserAnalysis:  Error found undefined ADC 441 in DAQ event 13
 TA2UserAnalysis:  Error found undefined ADC 442 in DAQ event 13
 TA2UserAnalysis:  Error found undefined ADC 450 in DAQ event 13
 TA2UserAnalysis:  Error found undefined ADC 451 in DAQ event 13
 TA2UserAnalysis:  Error found undefined ADC 452 in DAQ event 13
 TA2UserAnalysis:  Error found undefined ADC 460 in DAQ event 13
 TA2UserAnalysis:  Error found undefined ADC 461 in DAQ event 13
 TA2UserAnalysis:  Error found undefined ADC 462 in DAQ event 13
 TA2UserAnalysis:  Error found undefined ADC 470 in DAQ event 13
 TA2UserAnalysis:  Error found undefined ADC 471 in DAQ event 13
 TA2UserAnalysis:  Error found undefined ADC 472 in DAQ event 13
 TA2UserAnalysis:  Error found undefined ADC 480 in DAQ event 13
 TA2UserAnalysis:  Error found undefined ADC 481 in DAQ event 13
 TA2UserAnalysis:  Error found undefined ADC 482 in DAQ event 13
 TA2UserAnalysis:  Error found undefined ADC 490 in DAQ event 13
 TA2UserAnalysis:  Error found undefined ADC 491 in DAQ event 13
 TA2UserAnalysis:  Error found undefined ADC 492 in DAQ event 13
 TA2UserAnalysis:  Error found undefined ADC 10010 in DAQ event 14
 TA2UserAnalysis:  Error found undefined ADC 10011 in DAQ event 14
 TA2UserAnalysis:  Error found undefined ADC 10020 in DAQ event 14
 TA2UserAnalysis:  Error found undefined ADC 10021 in DAQ event 14
 TA2UserAnalysis:  Error found undefined ADC 10030 in DAQ event 14
 TA2UserAnalysis:  Error found undefined ADC 10031 in DAQ event 14
 TA2UserAnalysis:  Error found undefined ADC 10040 in DAQ event 14
 TA2UserAnalysis:  Error found undefined ADC 10041 in DAQ event 14
 TA2UserAnalysis:  Error found undefined ADC 10050 in DAQ event 14
 TA2UserAnalysis:  Error found undefined ADC 10051 in DAQ event 14
 TA2UserAnalysis:  Error found undefined ADC 10060 in DAQ event 14
 TA2UserAnalysis:  Error found undefined ADC 10061 in DAQ event 14
 TA2UserAnalysis:  Error found undefined ADC 10070 in DAQ event 14
 TA2UserAnalysis:  Error found undefined ADC 10071 in DAQ event 14
 TA2UserAnalysis:  Error found undefined ADC 10080 in DAQ event 14
 TA2UserAnalysis:  Error found undefined ADC 10081 in DAQ event 14
 TA2UserAnalysis:  Error found undefined ADC 10090 in DAQ event 14
 TA2UserAnalysis:  Error found undefined ADC 10091 in DAQ event 14
 TA2UserAnalysis:  Error found undefined ADC 410 in DAQ event 14
 TA2UserAnalysis:  Error found undefined ADC 411 in DAQ event 14
 TA2UserAnalysis:  Error found undefined ADC 412 in DAQ event 14
 TA2UserAnalysis:  Error found undefined ADC 420 in DAQ event 14
 TA2UserAnalysis:  Error found undefined ADC 421 in DAQ event 14
 TA2UserAnalysis:  Error found undefined ADC 422 in DAQ event 14
 TA2UserAnalysis:  Error found undefined ADC 430 in DAQ event 14
 TA2UserAnalysis:  Error found undefined ADC 431 in DAQ event 14
 TA2UserAnalysis:  Error found undefined ADC 432 in DAQ event 14
 TA2UserAnalysis:  Error found undefined ADC 440 in DAQ event 14
 TA2UserAnalysis:  Error found undefined ADC 441 in DAQ event 14
 TA2UserAnalysis:  Error found undefined ADC 442 in DAQ event 14
 TA2UserAnalysis:  Error found undefined ADC 450 in DAQ event 14
 TA2UserAnalysis:  Error found undefined ADC 451 in DAQ event 14
 TA2UserAnalysis:  Error found undefined ADC 452 in DAQ event 14
 TA2UserAnalysis:  Error found undefined ADC 460 in DAQ event 14
 TA2UserAnalysis:  Error found undefined ADC 461 in DAQ event 14
 TA2UserAnalysis:  Error found undefined ADC 462 in DAQ event 14
 TA2UserAnalysis:  Error found undefined ADC 470 in DAQ event 14
 TA2UserAnalysis:  Error found undefined ADC 471 in DAQ event 14
 TA2UserAnalysis:  Error found undefined ADC 472 in DAQ event 14
 TA2UserAnalysis:  Error found undefined ADC 480 in DAQ event 14
 TA2UserAnalysis:  Error found undefined ADC 481 in DAQ event 14
 TA2UserAnalysis:  Error found undefined ADC 482 in DAQ event 14
 TA2UserAnalysis:  Error found undefined ADC 490 in DAQ event 14
 TA2UserAnalysis:  Error found undefined ADC 491 in DAQ event 14
 TA2UserAnalysis:  Error found undefined ADC 492 in DAQ event 14
 TA2UserAnalysis:  Error found undefined ADC 10010 in DAQ event 15
 TA2UserAnalysis:  Error found undefined ADC 10011 in DAQ event 15
 TA2UserAnalysis:  Error found undefined ADC 10020 in DAQ event 15
 TA2UserAnalysis:  Error found undefined ADC 10021 in DAQ event 15
 TA2UserAnalysis:  Error found undefined ADC 10030 in DAQ event 15
 TA2UserAnalysis:  Error found undefined ADC 10031 in DAQ event 15
 TA2UserAnalysis:  Error found undefined ADC 10040 in DAQ event 15
 TA2UserAnalysis:  Error found undefined ADC 10041 in DAQ event 15
 TA2UserAnalysis:  Error found undefined ADC 10050 in DAQ event 15
 TA2UserAnalysis:  Error found undefined ADC 10051 in DAQ event 15
 TA2UserAnalysis:  Error found undefined ADC 10060 in DAQ event 15
 TA2UserAnalysis:  Error found undefined ADC 10061 in DAQ event 15
 TA2UserAnalysis:  Error found undefined ADC 10070 in DAQ event 15
 TA2UserAnalysis:  Error found undefined ADC 10071 in DAQ event 15
 TA2UserAnalysis:  Error found undefined ADC 10080 in DAQ event 15
 TA2UserAnalysis:  Error found undefined ADC 10081 in DAQ event 15
 TA2UserAnalysis:  Error found undefined ADC 10090 in DAQ event 15
 TA2UserAnalysis:  Error found undefined ADC 10091 in DAQ event 15
 TA2UserAnalysis:  Error found undefined ADC 410 in DAQ event 15
 TA2UserAnalysis:  Error found undefined ADC 411 in DAQ event 15
 TA2UserAnalysis:  Error found undefined ADC 412 in DAQ event 15
 TA2UserAnalysis:  Error found undefined ADC 420 in DAQ event 15
 TA2UserAnalysis:  Error found undefined ADC 421 in DAQ event 15
 TA2UserAnalysis:  Error found undefined ADC 422 in DAQ event 15
 TA2UserAnalysis:  Error found undefined ADC 430 in DAQ event 15
 TA2UserAnalysis:  Error found undefined ADC 431 in DAQ event 15
 TA2UserAnalysis:  Error found undefined ADC 432 in DAQ event 15
 TA2UserAnalysis:  Error found undefined ADC 440 in DAQ event 15
 TA2UserAnalysis:  Error found undefined ADC 441 in DAQ event 15
 TA2UserAnalysis:  Error found undefined ADC 442 in DAQ event 15
 TA2UserAnalysis:  Error found undefined ADC 450 in DAQ event 15
 TA2UserAnalysis:  Error found undefined ADC 451 in DAQ event 15
 TA2UserAnalysis:  Error found undefined ADC 452 in DAQ event 15
 TA2UserAnalysis:  Error found undefined ADC 460 in DAQ event 15
 TA2UserAnalysis:  Error found undefined ADC 461 in DAQ event 15
 TA2UserAnalysis:  Error found undefined ADC 462 in DAQ event 15
 TA2UserAnalysis:  Error found undefined ADC 470 in DAQ event 15
 TA2UserAnalysis:  Error found undefined ADC 471 in DAQ event 15
 TA2UserAnalysis:  Error found undefined ADC 472 in DAQ event 15
 TA2UserAnalysis:  Error found undefined ADC 480 in DAQ event 15
 TA2UserAnalysis:  Error found undefined ADC 481 in DAQ event 15
 TA2UserAnalysis:  Error found undefined ADC 482 in DAQ event 15
 TA2UserAnalysis:  Error found undefined ADC 490 in DAQ event 15
 TA2UserAnalysis:  Error found undefined ADC 491 in DAQ event 15
 TA2UserAnalysis:  Error found undefined ADC 492 in DAQ event 15
 TA2UserAnalysis:  Error found undefined ADC 10010 in DAQ event 16
 TA2UserAnalysis:  Error found undefined ADC 10011 in DAQ event 16
 TA2UserAnalysis:  Error found undefined ADC 10020 in DAQ event 16
 TA2UserAnalysis:  Error found undefined ADC 10021 in DAQ event 16
 TA2UserAnalysis:  Error found undefined ADC 10030 in DAQ event 16
 TA2UserAnalysis:  Error found undefined ADC 10031 in DAQ event 16
 TA2UserAnalysis:  Error found undefined ADC 10040 in DAQ event 16
 TA2UserAnalysis:  Error found undefined ADC 10041 in DAQ event 16
 TA2UserAnalysis:  Error found undefined ADC 10050 in DAQ event 16
 TA2UserAnalysis:  Error found undefined ADC 10051 in DAQ event 16
 TA2UserAnalysis:  Error found undefined ADC 10060 in DAQ event 16
 TA2UserAnalysis:  Error found undefined ADC 10061 in DAQ event 16
 TA2UserAnalysis:  Error found undefined ADC 10070 in DAQ event 16
 TA2UserAnalysis:  Error found undefined ADC 10071 in DAQ event 16
 TA2UserAnalysis:  Error found undefined ADC 10080 in DAQ event 16
 TA2UserAnalysis:  Error found undefined ADC 10081 in DAQ event 16
 TA2UserAnalysis:  Error found undefined ADC 10090 in DAQ event 16
 TA2UserAnalysis:  Error found undefined ADC 10091 in DAQ event 16
 TA2UserAnalysis:  Error found undefined ADC 410 in DAQ event 16
 TA2UserAnalysis:  Error found undefined ADC 411 in DAQ event 16
 TA2UserAnalysis:  Error found undefined ADC 412 in DAQ event 16
 TA2UserAnalysis:  Error found undefined ADC 420 in DAQ event 16
 TA2UserAnalysis:  Error found undefined ADC 421 in DAQ event 16
 TA2UserAnalysis:  Error found undefined ADC 422 in DAQ event 16
 TA2UserAnalysis:  Error found undefined ADC 430 in DAQ event 16
 TA2UserAnalysis:  Error found undefined ADC 431 in DAQ event 16
 TA2UserAnalysis:  Error found undefined ADC 432 in DAQ event 16
 TA2UserAnalysis:  Error found undefined ADC 440 in DAQ event 16
 TA2UserAnalysis:  Error found undefined ADC 441 in DAQ event 16
 TA2UserAnalysis:  Error found undefined ADC 442 in DAQ event 16
 TA2UserAnalysis:  Error found undefined ADC 450 in DAQ event 16
 TA2UserAnalysis:  Error found undefined ADC 451 in DAQ event 16
 TA2UserAnalysis:  Error found undefined ADC 452 in DAQ event 16
 TA2UserAnalysis:  Error found undefined ADC 460 in DAQ event 16
 TA2UserAnalysis:  Error found undefined ADC 461 in DAQ event 16
 TA2UserAnalysis:  Error found undefined ADC 462 in DAQ event 16
 TA2UserAnalysis:  Error found undefined ADC 470 in DAQ event 16
 TA2UserAnalysis:  Error found undefined ADC 471 in DAQ event 16
 TA2UserAnalysis:  Error found undefined ADC 472 in DAQ event 16
 TA2UserAnalysis:  Error found undefined ADC 480 in DAQ event 16
 TA2UserAnalysis:  Error found undefined ADC 481 in DAQ event 16
 TA2UserAnalysis:  Error found undefined ADC 482 in DAQ event 16
 TA2UserAnalysis:  Error found undefined ADC 490 in DAQ event 16
 TA2UserAnalysis:  Error found undefined ADC 491 in DAQ event 16
 TA2UserAnalysis:  Error found undefined ADC 492 in DAQ event 16
 TA2UserAnalysis:  Error found undefined ADC 10010 in DAQ event 17
 TA2UserAnalysis:  Error found undefined ADC 10011 in DAQ event 17
 TA2UserAnalysis:  Error found undefined ADC 10020 in DAQ event 17
 TA2UserAnalysis:  Error found undefined ADC 10021 in DAQ event 17
 TA2UserAnalysis:  Error found undefined ADC 10030 in DAQ event 17
 TA2UserAnalysis:  Error found undefined ADC 10031 in DAQ event 17
 TA2UserAnalysis:  Error found undefined ADC 10040 in DAQ event 17
 TA2UserAnalysis:  Error found undefined ADC 10041 in DAQ event 17
 TA2UserAnalysis:  Error found undefined ADC 10050 in DAQ event 17
 TA2UserAnalysis:  Error found undefined ADC 10051 in DAQ event 17
 TA2UserAnalysis:  Error found undefined ADC 10060 in DAQ event 17
 TA2UserAnalysis:  Error found undefined ADC 10061 in DAQ event 17
 TA2UserAnalysis:  Error found undefined ADC 10070 in DAQ event 17
 TA2UserAnalysis:  Error found undefined ADC 10071 in DAQ event 17
 TA2UserAnalysis:  Error found undefined ADC 10080 in DAQ event 17
 TA2UserAnalysis:  Error found undefined ADC 10081 in DAQ event 17
 TA2UserAnalysis:  Error found undefined ADC 10090 in DAQ event 17
 TA2UserAnalysis:  Error found undefined ADC 10091 in DAQ event 17
 TA2UserAnalysis:  Error found undefined ADC 410 in DAQ event 17
 TA2UserAnalysis:  Error found undefined ADC 411 in DAQ event 17
 TA2UserAnalysis:  Error found undefined ADC 412 in DAQ event 17
 TA2UserAnalysis:  Error found undefined ADC 420 in DAQ event 17
 TA2UserAnalysis:  Error found undefined ADC 421 in DAQ event 17
 TA2UserAnalysis:  Error found undefined ADC 422 in DAQ event 17
 TA2UserAnalysis:  Error found undefined ADC 430 in DAQ event 17
 TA2UserAnalysis:  Error found undefined ADC 431 in DAQ event 17
 TA2UserAnalysis:  Error found undefined ADC 432 in DAQ event 17
 TA2UserAnalysis:  Error found undefined ADC 440 in DAQ event 17
 TA2UserAnalysis:  Error found undefined ADC 441 in DAQ event 17
 TA2UserAnalysis:  Error found undefined ADC 442 in DAQ event 17
 TA2UserAnalysis:  Error found undefined ADC 450 in DAQ event 17
 TA2UserAnalysis:  Error found undefined ADC 451 in DAQ event 17
 TA2UserAnalysis:  Error found undefined ADC 452 in DAQ event 17
 TA2UserAnalysis:  Error found undefined ADC 460 in DAQ event 17
 TA2UserAnalysis:  Error found undefined ADC 461 in DAQ event 17
 TA2UserAnalysis:  Error found undefined ADC 462 in DAQ event 17
 TA2UserAnalysis:  Error found undefined ADC 470 in DAQ event 17
 TA2UserAnalysis:  Error found undefined ADC 471 in DAQ event 17
 TA2UserAnalysis:  Error found undefined ADC 472 in DAQ event 17
 TA2UserAnalysis:  Error found undefined ADC 480 in DAQ event 17
 TA2UserAnalysis:  Error found undefined ADC 481 in DAQ event 17
 TA2UserAnalysis:  Error found undefined ADC 482 in DAQ event 17
 TA2UserAnalysis:  Error found undefined ADC 490 in DAQ event 17
 TA2UserAnalysis:  Error found undefined ADC 491 in DAQ event 17
 TA2UserAnalysis:  Error found undefined ADC 492 in DAQ event 17
 TA2UserAnalysis:  Error found undefined ADC 10010 in DAQ event 18
 TA2UserAnalysis:  Error found undefined ADC 10011 in DAQ event 18
 TA2UserAnalysis:  Error found undefined ADC 10020 in DAQ event 18
 TA2UserAnalysis:  Error found undefined ADC 10021 in DAQ event 18
 TA2UserAnalysis:  Error found undefined ADC 10030 in DAQ event 18
 TA2UserAnalysis:  Error found undefined ADC 10031 in DAQ event 18
 TA2UserAnalysis:  Error found undefined ADC 10040 in DAQ event 18
 TA2UserAnalysis:  Error found undefined ADC 10041 in DAQ event 18
 TA2UserAnalysis:  Error found undefined ADC 10050 in DAQ event 18
 TA2UserAnalysis:  Error found undefined ADC 10051 in DAQ event 18
 TA2UserAnalysis:  Error found undefined ADC 10060 in DAQ event 18
 TA2UserAnalysis:  Error found undefined ADC 10061 in DAQ event 18
 TA2UserAnalysis:  Error found undefined ADC 10070 in DAQ event 18
 TA2UserAnalysis:  Error found undefined ADC 10071 in DAQ event 18
 TA2UserAnalysis:  Error found undefined ADC 10080 in DAQ event 18
 TA2UserAnalysis:  Error found undefined ADC 10081 in DAQ event 18
 TA2UserAnalysis:  Error found undefined ADC 10090 in DAQ event 18
 TA2UserAnalysis:  Error found undefined ADC 10091 in DAQ event 18
 TA2UserAnalysis:  Error found undefined ADC 410 in DAQ event 18
 TA2UserAnalysis:  Error found undefined ADC 411 in DAQ event 18
 TA2UserAnalysis:  Error found undefined ADC 412 in DAQ event 18
 TA2UserAnalysis:  Error found undefined ADC 420 in DAQ event 18
 TA2UserAnalysis:  Error found undefined ADC 421 in DAQ event 18
 TA2UserAnalysis:  Error found undefined ADC 422 in DAQ event 18
 TA2UserAnalysis:  Error found undefined ADC 430 in DAQ event 18
 TA2UserAnalysis:  Error found undefined ADC 431 in DAQ event 18
 TA2UserAnalysis:  Error found undefined ADC 432 in DAQ event 18
 TA2UserAnalysis:  Error found undefined ADC 440 in DAQ event 18
 TA2UserAnalysis:  Error found undefined ADC 441 in DAQ event 18
 TA2UserAnalysis:  Error found undefined ADC 442 in DAQ event 18
 TA2UserAnalysis:  Error found undefined ADC 450 in DAQ event 18
 TA2UserAnalysis:  Error found undefined ADC 451 in DAQ event 18
 TA2UserAnalysis:  Error found undefined ADC 452 in DAQ event 18
 TA2UserAnalysis:  Error found undefined ADC 460 in DAQ event 18
 TA2UserAnalysis:  Error found undefined ADC 461 in DAQ event 18
 TA2UserAnalysis:  Error found undefined ADC 462 in DAQ event 18
 TA2UserAnalysis:  Error found undefined ADC 470 in DAQ event 18
 TA2UserAnalysis:  Error found undefined ADC 471 in DAQ event 18
 TA2UserAnalysis:  Error found undefined ADC 472 in DAQ event 18
 TA2UserAnalysis:  Error found undefined ADC 480 in DAQ event 18
 TA2UserAnalysis:  Error found undefined ADC 481 in DAQ event 18
 TA2UserAnalysis:  Error found undefined ADC 482 in DAQ event 18
 TA2UserAnalysis:  Error found undefined ADC 490 in DAQ event 18
 TA2UserAnalysis:  Error found undefined ADC 491 in DAQ event 18
 TA2UserAnalysis:  Error found undefined ADC 492 in DAQ event 18
 TA2UserAnalysis:  Error found undefined ADC 10010 in DAQ event 19
 TA2UserAnalysis:  Error found undefined ADC 10011 in DAQ event 19
 TA2UserAnalysis:  Error found undefined ADC 10020 in DAQ event 19
 TA2UserAnalysis:  Error found undefined ADC 10021 in DAQ event 19
 TA2UserAnalysis:  Error found undefined ADC 10030 in DAQ event 19
 TA2UserAnalysis:  Error found undefined ADC 10031 in DAQ event 19
 TA2UserAnalysis:  Error found undefined ADC 10040 in DAQ event 19
 TA2UserAnalysis:  Error found undefined ADC 10041 in DAQ event 19
 TA2UserAnalysis:  Error found undefined ADC 10050 in DAQ event 19
 TA2UserAnalysis:  Error found undefined ADC 10051 in DAQ event 19
 TA2UserAnalysis:  Error found undefined ADC 10060 in DAQ event 19
 TA2UserAnalysis:  Error found undefined ADC 10061 in DAQ event 19
 TA2UserAnalysis:  Error found undefined ADC 10070 in DAQ event 19
 TA2UserAnalysis:  Error found undefined ADC 10071 in DAQ event 19
 TA2UserAnalysis:  Error found undefined ADC 10080 in DAQ event 19
 TA2UserAnalysis:  Error found undefined ADC 10081 in DAQ event 19
 TA2UserAnalysis:  Error found undefined ADC 10090 in DAQ event 19
 TA2UserAnalysis:  Error found undefined ADC 10091 in DAQ event 19
 TA2UserAnalysis:  Error found undefined ADC 410 in DAQ event 19
 TA2UserAnalysis:  Error found undefined ADC 411 in DAQ event 19
 TA2UserAnalysis:  Error found undefined ADC 412 in DAQ event 19
 TA2UserAnalysis:  Error found undefined ADC 420 in DAQ event 19
 TA2UserAnalysis:  Error found undefined ADC 421 in DAQ event 19
 TA2UserAnalysis:  Error found undefined ADC 422 in DAQ event 19
 TA2UserAnalysis:  Error found undefined ADC 430 in DAQ event 19
 TA2UserAnalysis:  Error found undefined ADC 431 in DAQ event 19
 TA2UserAnalysis:  Error found undefined ADC 432 in DAQ event 19
 TA2UserAnalysis:  Error found undefined ADC 440 in DAQ event 19
 TA2UserAnalysis:  Error found undefined ADC 441 in DAQ event 19
 TA2UserAnalysis:  Error found undefined ADC 442 in DAQ event 19
 TA2UserAnalysis:  Error found undefined ADC 450 in DAQ event 19
 TA2UserAnalysis:  Error found undefined ADC 451 in DAQ event 19
 TA2UserAnalysis:  Error found undefined ADC 452 in DAQ event 19
 TA2UserAnalysis:  Error found undefined ADC 460 in DAQ event 19
 TA2UserAnalysis:  Error found undefined ADC 461 in DAQ event 19
 TA2UserAnalysis:  Error found undefined ADC 462 in DAQ event 19
 TA2UserAnalysis:  Error found undefined ADC 470 in DAQ event 19
 TA2UserAnalysis:  Error found undefined ADC 471 in DAQ event 19
 TA2UserAnalysis:  Error found undefined ADC 472 in DAQ event 19
 TA2UserAnalysis:  Error found undefined ADC 480 in DAQ event 19
 TA2UserAnalysis:  Error found undefined ADC 481 in DAQ event 19
 TA2UserAnalysis:  Error found undefined ADC 482 in DAQ event 19
 TA2UserAnalysis:  Error found undefined ADC 490 in DAQ event 19
 TA2UserAnalysis:  Error found undefined ADC 491 in DAQ event 19
 TA2UserAnalysis:  Error found undefined ADC 492 in DAQ event 19
 TA2UserAnalysis:  Error found undefined ADC 10010 in DAQ event 20
 TA2UserAnalysis:  Error found undefined ADC 10011 in DAQ event 20
 TA2UserAnalysis:  Error found undefined ADC 10020 in DAQ event 20
 TA2UserAnalysis:  Error found undefined ADC 10021 in DAQ event 20
 TA2UserAnalysis:  Error found undefined ADC 10030 in DAQ event 20
 TA2UserAnalysis:  Error found undefined ADC 10031 in DAQ event 20
 TA2UserAnalysis:  Error found undefined ADC 10040 in DAQ event 20
 TA2UserAnalysis:  Error found undefined ADC 10041 in DAQ event 20
 TA2UserAnalysis:  Error found undefined ADC 10050 in DAQ event 20
 TA2UserAnalysis:  Error found undefined ADC 10051 in DAQ event 20
 TA2UserAnalysis:  Error found undefined ADC 10060 in DAQ event 20
 TA2UserAnalysis:  Error found undefined ADC 10061 in DAQ event 20
 TA2UserAnalysis:  Error found undefined ADC 10070 in DAQ event 20
 TA2UserAnalysis:  Error found undefined ADC 10071 in DAQ event 20
 TA2UserAnalysis:  Error found undefined ADC 10080 in DAQ event 20
 TA2UserAnalysis:  Error found undefined ADC 10081 in DAQ event 20
 TA2UserAnalysis:  Error found undefined ADC 10090 in DAQ event 20
 TA2UserAnalysis:  Error found undefined ADC 10091 in DAQ event 20
 TA2UserAnalysis:  Error found undefined ADC 410 in DAQ event 20
 TA2UserAnalysis:  Error found undefined ADC 411 in DAQ event 20
 TA2UserAnalysis:  Error found undefined ADC 412 in DAQ event 20
 TA2UserAnalysis:  Error found undefined ADC 420 in DAQ event 20
 TA2UserAnalysis:  Error found undefined ADC 421 in DAQ event 20
 TA2UserAnalysis:  Error found undefined ADC 422 in DAQ event 20
 TA2UserAnalysis:  Error found undefined ADC 430 in DAQ event 20
 TA2UserAnalysis:  Error found undefined ADC 431 in DAQ event 20
 TA2UserAnalysis:  Error found undefined ADC 432 in DAQ event 20
 TA2UserAnalysis:  Error found undefined ADC 440 in DAQ event 20
 TA2UserAnalysis:  Error found undefined ADC 441 in DAQ event 20
 TA2UserAnalysis:  Error found undefined ADC 442 in DAQ event 20
 TA2UserAnalysis:  Error found undefined ADC 450 in DAQ event 20
 TA2UserAnalysis:  Error found undefined ADC 451 in DAQ event 20
 TA2UserAnalysis:  Error found undefined ADC 452 in DAQ event 20
 TA2UserAnalysis:  Error found undefined ADC 460 in DAQ event 20
 TA2UserAnalysis:  Error found undefined ADC 461 in DAQ event 20
 TA2UserAnalysis:  Error found undefined ADC 462 in DAQ event 20
 TA2UserAnalysis:  Error found undefined ADC 470 in DAQ event 20
 TA2UserAnalysis:  Error found undefined ADC 471 in DAQ event 20
 TA2UserAnalysis:  Error found undefined ADC 472 in DAQ event 20
 TA2UserAnalysis:  Error found undefined ADC 480 in DAQ event 20
 TA2UserAnalysis:  Error found undefined ADC 481 in DAQ event 20
 TA2UserAnalysis:  Error found undefined ADC 482 in DAQ event 20
 TA2UserAnalysis:  Error found undefined ADC 490 in DAQ event 20
 TA2UserAnalysis:  Error found undefined ADC 491 in DAQ event 20
 TA2UserAnalysis:  Error found undefined ADC 492 in DAQ event 20
 TA2UserAnalysis:  Error found undefined ADC 10010 in DAQ event 21
 TA2UserAnalysis:  Error found undefined ADC 10011 in DAQ event 21
 TA2UserAnalysis:  Error found undefined ADC 10020 in DAQ event 21
 TA2UserAnalysis:  Error found undefined ADC 10021 in DAQ event 21
 TA2UserAnalysis:  Error found undefined ADC 10030 in DAQ event 21
 TA2UserAnalysis:  Error found undefined ADC 10031 in DAQ event 21
 TA2UserAnalysis:  Error found undefined ADC 10040 in DAQ event 21
 TA2UserAnalysis:  Error found undefined ADC 10041 in DAQ event 21
 TA2UserAnalysis:  Error found undefined ADC 10050 in DAQ event 21
 TA2UserAnalysis:  Error found undefined ADC 10051 in DAQ event 21
 TA2UserAnalysis:  Error found undefined ADC 10060 in DAQ event 21
 TA2UserAnalysis:  Error found undefined ADC 10061 in DAQ event 21
 TA2UserAnalysis:  Error found undefined ADC 10070 in DAQ event 21
 TA2UserAnalysis:  Error found undefined ADC 10071 in DAQ event 21
 TA2UserAnalysis:  Error found undefined ADC 10080 in DAQ event 21
 TA2UserAnalysis:  Error found undefined ADC 10081 in DAQ event 21
 TA2UserAnalysis:  Error found undefined ADC 10090 in DAQ event 21
 TA2UserAnalysis:  Error found undefined ADC 10091 in DAQ event 21
 TA2UserAnalysis:  Error found undefined ADC 410 in DAQ event 21
 TA2UserAnalysis:  Error found undefined ADC 411 in DAQ event 21
 TA2UserAnalysis:  Error found undefined ADC 412 in DAQ event 21
 TA2UserAnalysis:  Error found undefined ADC 420 in DAQ event 21
 TA2UserAnalysis:  Error found undefined ADC 421 in DAQ event 21
 TA2UserAnalysis:  Error found undefined ADC 422 in DAQ event 21
 TA2UserAnalysis:  Error found undefined ADC 430 in DAQ event 21
 TA2UserAnalysis:  Error found undefined ADC 431 in DAQ event 21
 TA2UserAnalysis:  Error found undefined ADC 432 in DAQ event 21
 TA2UserAnalysis:  Error found undefined ADC 440 in DAQ event 21
 TA2UserAnalysis:  Error found undefined ADC 441 in DAQ event 21
 TA2UserAnalysis:  Error found undefined ADC 442 in DAQ event 21
 TA2UserAnalysis:  Error found undefined ADC 450 in DAQ event 21
 TA2UserAnalysis:  Error found undefined ADC 451 in DAQ event 21
 TA2UserAnalysis:  Error found undefined ADC 452 in DAQ event 21
 TA2UserAnalysis:  Error found undefined ADC 460 in DAQ event 21
 TA2UserAnalysis:  Error found undefined ADC 461 in DAQ event 21
 TA2UserAnalysis:  Error found undefined ADC 462 in DAQ event 21
 TA2UserAnalysis:  Error found undefined ADC 470 in DAQ event 21
 TA2UserAnalysis:  Error found undefined ADC 471 in DAQ event 21
 TA2UserAnalysis:  Error found undefined ADC 472 in DAQ event 21
 TA2UserAnalysis:  Error found undefined ADC 480 in DAQ event 21
 TA2UserAnalysis:  Error found undefined ADC 481 in DAQ event 21
 TA2UserAnalysis:  Error found undefined ADC 482 in DAQ event 21
 TA2UserAnalysis:  Error found undefined ADC 490 in DAQ event 21
 TA2UserAnalysis:  Error found undefined ADC 491 in DAQ event 21
 TA2UserAnalysis:  Error found undefined ADC 492 in DAQ event 21
 TA2UserAnalysis:  Error found undefined ADC 10010 in DAQ event 22
 TA2UserAnalysis:  Error found undefined ADC 10011 in DAQ event 22
 TA2UserAnalysis:  Error found undefined ADC 10020 in DAQ event 22
 TA2UserAnalysis:  Error found undefined ADC 10021 in DAQ event 22
 TA2UserAnalysis:  Error found undefined ADC 10030 in DAQ event 22
 TA2UserAnalysis:  Error found undefined ADC 10031 in DAQ event 22
 TA2UserAnalysis:  Error found undefined ADC 10040 in DAQ event 22
 TA2UserAnalysis:  Error found undefined ADC 10041 in DAQ event 22
 TA2UserAnalysis:  Error found undefined ADC 10050 in DAQ event 22
 TA2UserAnalysis:  Error found undefined ADC 10051 in DAQ event 22
 Reached limit on printed errors (1000) in class TA2UserAnalysis
 Some frequently occuring messages will be suppressed from now on.
