Info in <ReadCaLibData>: Registered 32 data definitions
Info in <ReadCaLibTypes>: Registered 23 type definitions
Info in <ReadConfigFile>: Reading configuration file '/usr/users/mullen/sw/CaLib/config/config.cfg'
Info in <TCMySQLManager>: Connected to the database '$HOME/CaLib_DB/May_16/CaLib.db' using CaLib 0.3.0beta
Info in <DumpRuns>: Dumped run 13307
Info in <DumpRuns>: Dumped run 13308
Info in <DumpRuns>: Dumped run 13309
Info in <DumpRuns>: Dumped run 13310
Info in <DumpRuns>: Dumped run 13311
Info in <DumpRuns>: Dumped run 13312
Info in <DumpRuns>: Dumped run 13315
Info in <DumpRuns>: Dumped run 13319
Info in <DumpRuns>: Dumped run 13320
Info in <DumpRuns>: Dumped run 13321
Info in <DumpRuns>: Dumped run 13322
Info in <DumpRuns>: Dumped run 13325
Info in <DumpRuns>: Dumped run 13328
Info in <DumpRuns>: Dumped run 13329
Info in <DumpRuns>: Dumped run 13330
Info in <DumpRuns>: Dumped run 13333
Info in <DumpRuns>: Dumped run 13334
Info in <DumpRuns>: Dumped run 13335
Info in <DumpRuns>: Dumped run 13336
Info in <DumpRuns>: Dumped run 13337
Info in <DumpRuns>: Dumped run 13338
Info in <DumpRuns>: Dumped run 13339
Info in <DumpRuns>: Dumped run 13340
Info in <DumpRuns>: Dumped run 13343
Info in <DumpRuns>: Dumped run 13347
Info in <DumpRuns>: Dumped run 13348
Info in <DumpRuns>: Dumped run 13349
Info in <DumpRuns>: Dumped run 13352
Info in <DumpRuns>: Dumped run 13353
Info in <DumpRuns>: Dumped run 13354
Info in <DumpRuns>: Dumped run 13355
Info in <DumpRuns>: Dumped run 13356
Info in <DumpRuns>: Dumped run 13357
Info in <DumpRuns>: Dumped run 13358
Info in <DumpRuns>: Dumped run 13359
Info in <DumpRuns>: Dumped run 13360
Info in <DumpRuns>: Dumped run 13361
Info in <DumpRuns>: Dumped run 13362
Info in <DumpRuns>: Dumped run 13363
Info in <DumpRuns>: Dumped run 13364
Info in <DumpRuns>: Dumped run 13365
Info in <DumpRuns>: Dumped run 13366
Info in <DumpRuns>: Dumped run 13367
Info in <DumpRuns>: Dumped run 13368
Info in <DumpRuns>: Dumped run 13369
Info in <DumpRuns>: Dumped run 13370
Info in <DumpRuns>: Dumped run 13371
Info in <DumpRuns>: Dumped run 13372
Info in <DumpRuns>: Dumped run 13373
Info in <DumpRuns>: Dumped run 13374
Info in <DumpRuns>: Dumped run 13375
Info in <DumpRuns>: Dumped run 13376
Info in <DumpRuns>: Dumped run 13377
Info in <DumpRuns>: Dumped run 13378
Info in <DumpRuns>: Dumped run 13379
Info in <DumpRuns>: Dumped run 13380
Info in <DumpRuns>: Dumped run 13381
Info in <DumpRuns>: Dumped run 13382
Info in <DumpRuns>: Dumped run 13383
Info in <DumpRuns>: Dumped run 13384
Info in <DumpRuns>: Dumped run 13385
Info in <DumpRuns>: Dumped run 13386
Info in <DumpRuns>: Dumped run 13387
Info in <DumpRuns>: Dumped run 13391
Info in <DumpRuns>: Dumped run 13392
Info in <DumpRuns>: Dumped run 13393
Info in <DumpRuns>: Dumped run 13394
Info in <DumpRuns>: Dumped run 13395
Info in <DumpRuns>: Dumped run 13396
Info in <DumpRuns>: Dumped run 13397
Info in <DumpRuns>: Dumped run 13398
Info in <DumpRuns>: Dumped run 13399
Info in <DumpRuns>: Dumped run 13400
Info in <DumpRuns>: Dumped run 13401
Info in <DumpRuns>: Dumped run 13402
Info in <DumpRuns>: Dumped run 13403
Info in <DumpRuns>: Dumped run 13404
Info in <DumpRuns>: Dumped run 13405
Info in <DumpRuns>: Dumped run 13406
Info in <DumpRuns>: Dumped run 13407
Info in <DumpRuns>: Dumped run 13408
Info in <DumpRuns>: Dumped run 13409
Info in <DumpRuns>: Dumped run 13410
Info in <DumpRuns>: Dumped run 13411
Info in <DumpRuns>: Dumped run 13412
Info in <DumpRuns>: Dumped run 13413
Info in <DumpRuns>: Dumped run 13414
Info in <DumpRuns>: Dumped run 13415
Info in <DumpRuns>: Dumped run 13416
Info in <DumpRuns>: Dumped run 13417
Info in <DumpRuns>: Dumped run 13418
Info in <DumpRuns>: Dumped run 13419
Info in <DumpRuns>: Dumped run 13420
Info in <DumpRuns>: Dumped run 13421
Info in <DumpRuns>: Dumped run 13422
Info in <DumpRuns>: Dumped run 13423
Info in <DumpRuns>: Dumped run 13424
Info in <DumpRuns>: Dumped run 13425
Info in <DumpRuns>: Dumped run 13426
Info in <DumpRuns>: Dumped run 13427
Info in <DumpRuns>: Dumped run 13428
Info in <DumpRuns>: Dumped run 13429
Info in <DumpRuns>: Dumped run 13433
Info in <DumpRuns>: Dumped run 13434
Info in <DumpRuns>: Dumped run 13435
Info in <DumpRuns>: Dumped run 13436
Info in <DumpRuns>: Dumped run 13437
Info in <DumpRuns>: Dumped run 13438
Info in <DumpRuns>: Dumped run 13439
Info in <DumpRuns>: Dumped run 13440
Info in <DumpRuns>: Dumped run 13441
Info in <DumpRuns>: Dumped run 13442
Info in <DumpRuns>: Dumped run 13443
Info in <DumpRuns>: Dumped run 13444
Info in <DumpRuns>: Dumped run 13445
Info in <DumpRuns>: Dumped run 13446
Info in <DumpRuns>: Dumped run 13447
Info in <DumpRuns>: Dumped run 13448
Info in <DumpRuns>: Dumped run 13449
Info in <DumpRuns>: Dumped run 13450
Info in <DumpRuns>: Dumped run 13451
Info in <DumpRuns>: Dumped run 13452
Info in <DumpRuns>: Dumped run 13453
Info in <DumpRuns>: Dumped run 13454
Info in <DumpRuns>: Dumped run 13455
Info in <DumpRuns>: Dumped run 13456
Info in <DumpRuns>: Dumped run 13457
Info in <DumpRuns>: Dumped run 13458
Info in <DumpRuns>: Dumped run 13459
Info in <DumpRuns>: Dumped run 13460
Info in <DumpRuns>: Dumped run 13461
Info in <DumpRuns>: Dumped run 13462
Info in <DumpRuns>: Dumped run 13463
Info in <DumpRuns>: Dumped run 13464
Info in <DumpRuns>: Dumped run 13465
Info in <DumpRuns>: Dumped run 13466
Info in <DumpRuns>: Dumped run 13467
Info in <DumpRuns>: Dumped run 13468
Info in <DumpRuns>: Dumped run 13469
Info in <DumpRuns>: Dumped run 13470
Info in <DumpRuns>: Dumped run 13471
Info in <DumpRuns>: Dumped run 13472
Info in <DumpRuns>: Dumped run 13473
Info in <DumpRuns>: Dumped run 13474
Info in <DumpRuns>: Dumped run 13475
Info in <DumpRuns>: Dumped run 13476
Info in <DumpRuns>: Dumped run 13477
Info in <DumpRuns>: Dumped run 13478
Info in <DumpRuns>: Dumped run 13479
Info in <DumpRuns>: Dumped run 13480
Info in <DumpRuns>: Dumped run 13481
Info in <DumpRuns>: Dumped run 13482
Info in <DumpRuns>: Dumped run 13483
Info in <DumpRuns>: Dumped run 13489
Info in <DumpRuns>: Dumped run 13490
Info in <DumpRuns>: Dumped run 13491
Info in <DumpRuns>: Dumped run 13492
Info in <DumpRuns>: Dumped run 13493
Info in <DumpRuns>: Dumped run 13494
Info in <DumpRuns>: Dumped run 13495
Info in <DumpRuns>: Dumped run 13496
Info in <DumpRuns>: Dumped run 13497
Info in <DumpRuns>: Dumped run 13498
Info in <DumpRuns>: Dumped run 13499
Info in <DumpRuns>: Dumped run 13500
Info in <DumpRuns>: Dumped run 13501
Info in <DumpRuns>: Dumped run 13502
Info in <DumpRuns>: Dumped run 13503
Info in <DumpRuns>: Dumped run 13504
Info in <DumpRuns>: Dumped run 13505
Info in <DumpRuns>: Dumped run 13506
Info in <DumpRuns>: Dumped run 13507
Info in <DumpRuns>: Dumped run 13508
Info in <DumpRuns>: Dumped run 13509
Info in <DumpRuns>: Dumped run 13510
Info in <DumpRuns>: Dumped run 13511
Info in <DumpRuns>: Dumped run 13512
Info in <DumpRuns>: Dumped run 13513
Info in <DumpRuns>: Dumped run 13514
Info in <DumpRuns>: Dumped run 13515
Info in <DumpRuns>: Dumped run 13516
Info in <DumpRuns>: Dumped run 13517
Info in <DumpRuns>: Dumped run 13518
Info in <DumpRuns>: Dumped run 13519
Info in <DumpRuns>: Dumped run 13520
Info in <DumpRuns>: Dumped run 13521
Info in <DumpRuns>: Dumped run 13522
Info in <DumpRuns>: Dumped run 13523
Info in <DumpRuns>: Dumped run 13524
Info in <DumpRuns>: Dumped run 13525
Info in <DumpRuns>: Dumped run 13526
Info in <DumpRuns>: Dumped run 13527
Info in <DumpRuns>: Dumped run 13528
Info in <DumpRuns>: Dumped run 13529
Info in <DumpRuns>: Dumped run 13530
Info in <DumpRuns>: Dumped run 13531
Info in <DumpRuns>: Dumped run 13532
Info in <DumpRuns>: Dumped run 13533
Info in <DumpRuns>: Dumped run 13534
Info in <DumpRuns>: Dumped run 13535
Info in <DumpRuns>: Dumped run 13536
Info in <DumpRuns>: Dumped run 13540
Info in <DumpRuns>: Dumped run 13541
Info in <DumpRuns>: Dumped run 13542
Info in <DumpRuns>: Dumped run 13543
Info in <DumpRuns>: Dumped run 13544
Info in <DumpRuns>: Dumped run 13545
Info in <DumpRuns>: Dumped run 13546
Info in <DumpRuns>: Dumped run 13547
Info in <DumpRuns>: Dumped run 13548
Info in <DumpRuns>: Dumped run 13549
Info in <DumpRuns>: Dumped run 13550
Info in <DumpRuns>: Dumped run 13551
Info in <DumpRuns>: Dumped run 13552
Info in <DumpRuns>: Dumped run 13553
Info in <DumpRuns>: Dumped run 13554
Info in <DumpRuns>: Dumped run 13555
Info in <DumpRuns>: Dumped run 13556
Info in <DumpRuns>: Dumped run 13557
Info in <DumpRuns>: Dumped run 13558
Info in <DumpRuns>: Dumped run 13559
Info in <DumpRuns>: Dumped run 13560
Info in <DumpRuns>: Dumped run 13561
Info in <DumpRuns>: Dumped run 13562
Info in <DumpRuns>: Dumped run 13564
Info in <DumpRuns>: Dumped run 13565
Info in <DumpRuns>: Dumped run 13566
Info in <DumpRuns>: Dumped run 13567
Info in <DumpRuns>: Dumped run 13568
Info in <DumpRuns>: Dumped run 13569
Info in <DumpRuns>: Dumped run 13570
Info in <DumpRuns>: Dumped run 13571
Info in <DumpRuns>: Dumped run 13572
Info in <DumpRuns>: Dumped run 13573
Info in <DumpRuns>: Dumped run 13574
Info in <DumpRuns>: Dumped run 13575
Info in <DumpRuns>: Dumped run 13576
Info in <DumpRuns>: Dumped run 13577
Info in <DumpRuns>: Dumped run 13578
Info in <DumpRuns>: Dumped run 13579
Info in <DumpRuns>: Dumped run 13580
Info in <DumpRuns>: Dumped run 13581
Info in <DumpRuns>: Dumped run 13582
Info in <DumpRuns>: Dumped run 13583
Info in <DumpRuns>: Dumped run 13584
Info in <DumpRuns>: Dumped run 13585
Info in <DumpRuns>: Dumped run 13586
Info in <DumpRuns>: Dumped run 13587
Info in <DumpRuns>: Dumped run 13588
Info in <DumpRuns>: Dumped run 13589
Info in <DumpRuns>: Dumped run 13590
Info in <DumpRuns>: Dumped run 13591
Info in <DumpRuns>: Dumped run 13592
Info in <DumpRuns>: Dumped run 13593
Info in <DumpRuns>: Dumped run 13594
Info in <DumpRuns>: Dumped run 13595
Info in <DumpRuns>: Dumped run 13596
Info in <DumpRuns>: Dumped run 13597
Info in <DumpRuns>: Dumped run 13598
Info in <DumpRuns>: Dumped run 13599
Info in <DumpRuns>: Dumped run 13600
Info in <DumpRuns>: Dumped run 13601
Info in <DumpRuns>: Dumped run 13602
Info in <DumpRuns>: Dumped run 13603
Info in <DumpRuns>: Dumped run 13604
Info in <DumpRuns>: Dumped run 13605
Info in <DumpRuns>: Dumped run 13606
Info in <DumpRuns>: Dumped run 13607
Info in <DumpRuns>: Dumped run 13608
Info in <DumpRuns>: Dumped run 13609
Info in <DumpRuns>: Dumped run 13610
Info in <DumpRuns>: Dumped run 13611
Info in <DumpRuns>: Dumped run 13612
Info in <DumpRuns>: Dumped run 13613
Info in <DumpRuns>: Dumped run 13614
Info in <DumpRuns>: Dumped run 13615
Info in <DumpRuns>: Dumped run 13616
Info in <DumpRuns>: Dumped run 13617
Info in <DumpRuns>: Dumped run 13618
Info in <DumpRuns>: Dumped run 13619
Info in <DumpRuns>: Dumped run 13620
Info in <DumpRuns>: Dumped run 13621
Info in <DumpRuns>: Dumped run 13622
Info in <DumpRuns>: Dumped run 13623
Info in <DumpRuns>: Dumped run 13624
Info in <DumpRuns>: Dumped run 13625
Info in <DumpRuns>: Dumped run 13626
Info in <DumpRuns>: Dumped run 13627
Info in <DumpRuns>: Dumped run 13628
Info in <DumpRuns>: Dumped run 13629
Info in <DumpRuns>: Dumped run 13630
Info in <DumpRuns>: Dumped run 13631
Info in <DumpRuns>: Dumped run 13632
Info in <DumpRuns>: Dumped run 13633
Info in <DumpRuns>: Dumped run 13634
Info in <DumpRuns>: Dumped run 13635
Info in <DumpRuns>: Dumped run 13636
Info in <DumpRuns>: Dumped run 13637
Info in <DumpRuns>: Dumped run 13638
Info in <DumpRuns>: Dumped run 13639
Info in <DumpRuns>: Dumped run 13640
Info in <DumpRuns>: Dumped run 13641
Info in <DumpRuns>: Dumped run 13642
Info in <DumpRuns>: Dumped run 13643
Info in <DumpRuns>: Dumped run 13644
Info in <DumpRuns>: Dumped run 13645
Info in <DumpRuns>: Dumped run 13646
Info in <DumpRuns>: Dumped run 13647
Info in <DumpRuns>: Dumped run 13648
Info in <DumpRuns>: Dumped run 13649
Info in <DumpRuns>: Dumped run 13650
Info in <DumpRuns>: Dumped run 13651
Info in <DumpRuns>: Dumped run 13652
Info in <DumpRuns>: Dumped run 13653
Info in <DumpRuns>: Dumped run 13654
Info in <DumpRuns>: Dumped run 13655
Info in <DumpRuns>: Dumped run 13656
Info in <DumpRuns>: Dumped run 13657
Info in <DumpRuns>: Dumped run 13658
Info in <DumpRuns>: Dumped run 999999
